<?xml version="1.0" encoding="utf-8"?>
<test-run id="2" testcasecount="1187" result="Passed" total="1187" passed="1187" failed="0" inconclusive="0" skipped="0" asserts="0" engine-version="3.5.0.0" clr-version="4.0.30319.42000" start-time="2026-08-09 10:35:04Z" end-time="2026-08-09 10:35:12Z" duration="7.9197627">
  <test-suite type="TestSuite" id="2263" name="Final Dungeon" fullname="Final Dungeon" runstate="Runnable" testcasecount="1187" result="Passed" start-time="2026-08-09 10:35:04Z" end-time="2026-08-09 10:35:12Z" duration="7.919763" total="1187" passed="1187" failed="0" inconclusive="0" skipped="0" asserts="0">
    <properties>
      <property name="platform" value="EditMode" />
    </properties>
    <test-suite type="Assembly" id="2255" name="Assembly-CSharp-Editor.dll" fullname="C:/Users/smehu/Documents/Final-Dungeon-2026-05-04_11-39-20/Library/ScriptAssemblies/Assembly-CSharp-Editor.dll" runstate="Runnable" testcasecount="1187" result="Passed" start-time="2026-08-09 10:35:04Z" end-time="2026-08-09 10:35:12Z" duration="7.891328" total="1187" passed="1187" failed="0" inconclusive="0" skipped="0" asserts="0">
      <properties>
        <property name="_PID" value="42404" />
        <property name="_APPDOMAIN" value="Unity Child Domain" />
        <property name="platform" value="EditMode" />
        <property name="EditorOnly" value="True" />
      </properties>
      <test-suite type="TestFixture" id="1001" name="PcgCorridorTests" fullname="PcgCorridorTests" classname="PcgCorridorTests" runstate="Runnable" testcasecount="200" result="Passed" start-time="2026-08-09 10:35:04Z" end-time="2026-08-09 10:35:05Z" duration="1.193005" total="200" passed="200" failed="0" inconclusive="0" skipped="0" asserts="0">
        <properties />
        <test-suite type="ParameterizedMethod" id="1022" name="Corridors_ExistWhenThereAreMultipleRooms" fullname="PcgCorridorTests.Corridors_ExistWhenThereAreMultipleRooms" classname="PcgCorridorTests" runstate="Runnable" testcasecount="20" result="Passed" start-time="2026-08-09 10:35:04Z" end-time="2026-08-09 10:35:04Z" duration="0.145972" total="20" passed="20" failed="0" inconclusive="0" skipped="0" asserts="0">
          <properties />
          <test-case id="1002" name="Corridors_ExistWhenThereAreMultipleRooms(1)" fullname="PcgCorridorTests.Corridors_ExistWhenThereAreMultipleRooms(1)" methodname="Corridors_ExistWhenThereAreMultipleRooms" classname="PcgCorridorTests" runstate="Runnable" seed="2060789615" result="Passed" start-time="2026-08-09 10:35:04Z" end-time="2026-08-09 10:35:04Z" duration="0.043175" asserts="0">
            <properties>
              <property name="retryIteration" value="0" />
              <property name="repeatIteration" value="0" />
            </properties>
          </test-case>
          <test-case id="1003" name="Corridors_ExistWhenThereAreMultipleRooms(2)" fullname="PcgCorridorTests.Corridors_ExistWhenThereAreMultipleRooms(2)" methodname="Corridors_ExistWhenThereAreMultipleRooms" classname="PcgCorridorTests" runstate="Runnable" seed="734646780" result="Passed" start-time="2026-08-09 10:35:04Z" end-time="2026-08-09 10:35:04Z" duration="0.004837" asserts="0">
            <properties>
              <property name="retryIteration" value="0" />
              <property name="repeatIteration" value="0" />
            </properties>
          </test-case>
          <test-case id="1004" name="Corridors_ExistWhenThereAreMultipleRooms(3)" fullname="PcgCorridorTests.Corridors_ExistWhenThereAreMultipleRooms(3)" methodname="Corridors_ExistWhenThereAreMultipleRooms" classname="PcgCorridorTests" runstate="Runnable" seed="341228418" result="Passed" start-time="2026-08-09 10:35:04Z" end-time="2026-08-09 10:35:04Z" duration="0.004904" asserts="0">
            <properties>
              <property name="retryIteration" value="0" />
              <property name="repeatIteration" value="0" />
            </properties>
          </test-case>
          <test-case id="1005" name="Corridors_ExistWhenThereAreMultipleRooms(4)" fullname="PcgCorridorTests.Corridors_ExistWhenThereAreMultipleRooms(4)" methodname="Corridors_ExistWhenThereAreMultipleRooms" classname="PcgCorridorTests" runstate="Runnable" seed="136170780" result="Passed" start-time="2026-08-09 10:35:04Z" end-time="2026-08-09 10:35:04Z" duration="0.005234" asserts="0">
            <properties>
              <property name="retryIteration" value="0" />
              <property name="repeatIteration" value="0" />
            </properties>
          </test-case>
          <test-case id="1006" name="Corridors_ExistWhenThereAreMultipleRooms(5)" fullname="PcgCorridorTests.Corridors_ExistWhenThereAreMultipleRooms(5)" methodname="Corridors_ExistWhenThereAreMultipleRooms" classname="PcgCorridorTests" runstate="Runnable" seed="1120515414" result="Passed" start-time="2026-08-09 10:35:04Z" end-time="2026-08-09 10:35:04Z" duration="0.004857" asserts="0">
            <properties>
              <property name="retryIteration" value="0" />
              <property name="repeatIteration" value="0" />
            </properties>
          </test-case>
          <test-case id="1007" name="Corridors_ExistWhenThereAreMultipleRooms(6)" fullname="PcgCorridorTests.Corridors_ExistWhenThereAreMultipleRooms(6)" methodname="Corridors_ExistWhenThereAreMultipleRooms" classname="PcgCorridorTests" runstate="Runnable" seed="716189609" result="Passed" start-time="2026-08-09 10:35:04Z" end-time="2026-08-09 10:35:04Z" duration="0.004770" asserts="0">
            <properties>
              <property name="retryIteration" value="0" />
              <property name="repeatIteration" value="0" />
            </properties>
          </test-case>
          <test-case id="1008" name="Corridors_ExistWhenThereAreMultipleRooms(7)" fullname="PcgCorridorTests.Corridors_ExistWhenThereAreMultipleRooms(7)" methodname="Corridors_ExistWhenThereAreMultipleRooms" classname="PcgCorridorTests" runstate="Runnable" seed="1124882981" result="Passed" start-time="2026-08-09 10:35:04Z" end-time="2026-08-09 10:35:04Z" duration="0.004703" asserts="0">
            <properties>
              <property name="retryIteration" value="0" />
              <property name="repeatIteration" value="0" />
            </properties>
          </test-case>
          <test-case id="1009" name="Corridors_ExistWhenThereAreMultipleRooms(8)" fullname="PcgCorridorTests.Corridors_ExistWhenThereAreMultipleRooms(8)" methodname="Corridors_ExistWhenThereAreMultipleRooms" classname="PcgCorridorTests" runstate="Runnable" seed="299940089" result="Passed" start-time="2026-08-09 10:35:04Z" end-time="2026-08-09 10:35:04Z" duration="0.004604" asserts="0">
            <properties>
              <property name="retryIteration" value="0" />
              <property name="repeatIteration" value="0" />
            </properties>
          </test-case>
          <test-case id="1010" name="Corridors_ExistWhenThereAreMultipleRooms(9)" fullname="PcgCorridorTests.Corridors_ExistWhenThereAreMultipleRooms(9)" methodname="Corridors_ExistWhenThereAreMultipleRooms" classname="PcgCorridorTests" runstate="Runnable" seed="1111882464" result="Passed" start-time="2026-08-09 10:35:04Z" end-time="2026-08-09 10:35:04Z" duration="0.005024" asserts="0">
            <properties>
              <property name="retryIteration" value="0" />
              <property name="repeatIteration" value="0" />
            </properties>
          </test-case>
          <test-case id="1011" name="Corridors_ExistWhenThereAreMultipleRooms(10)" fullname="PcgCorridorTests.Corridors_ExistWhenThereAreMultipleRooms(10)" methodname="Corridors_ExistWhenThereAreMultipleRooms" classname="PcgCorridorTests" runstate="Runnable" seed="123885437" result="Passed" start-time="2026-08-09 10:35:04Z" end-time="2026-08-09 10:35:04Z" duration="0.004838" asserts="0">
            <properties>
              <property name="retryIteration" value="0" />
              <property name="repeatIteration" value="0" />
            </properties>
          </test-case>
          <test-case id="1012" name="Corridors_ExistWhenThereAreMultipleRooms(11)" fullname="PcgCorridorTests.Corridors_ExistWhenThereAreMultipleRooms(11)" methodname="Corridors_ExistWhenThereAreMultipleRooms" classname="PcgCorridorTests" runstate="Runnable" seed="1797731116" result="Passed" start-time="2026-08-09 10:35:04Z" end-time="2026-08-09 10:35:04Z" duration="0.005054" asserts="0">
            <properties>
              <property name="retryIteration" value="0" />
              <property name="repeatIteration" value="0" />
            </properties>
          </test-case>
          <test-case id="1013" name="Corridors_ExistWhenThereAreMultipleRooms(12)" fullname="PcgCorridorTests.Corridors_ExistWhenThereAreMultipleRooms(12)" methodname="Corridors_ExistWhenThereAreMultipleRooms" classname="PcgCorridorTests" runstate="Runnable" seed="271636428" result="Passed" start-time="2026-08-09 10:35:04Z" end-time="2026-08-09 10:35:04Z" duration="0.004764" asserts="0">
            <properties>
              <property name="retryIteration" value="0" />
              <property name="repeatIteration" value="0" />
            </properties>
          </test-case>
          <test-case id="1014" name="Corridors_ExistWhenThereAreMultipleRooms(13)" fullname="PcgCorridorTests.Corridors_ExistWhenThereAreMultipleRooms(13)" methodname="Corridors_ExistWhenThereAreMultipleRooms" classname="PcgCorridorTests" runstate="Runnable" seed="316667175" result="Passed" start-time="2026-08-09 10:35:04Z" end-time="2026-08-09 10:35:04Z" duration="0.004666" asserts="0">
            <properties>
              <property name="retryIteration" value="0" />
              <property name="repeatIteration" value="0" />
            </properties>
          </test-case>
          <test-case id="1015" name="Corridors_ExistWhenThereAreMultipleRooms(14)" fullname="PcgCorridorTests.Corridors_ExistWhenThereAreMultipleRooms(14)" methodname="Corridors_ExistWhenThereAreMultipleRooms" classname="PcgCorridorTests" runstate="Runnable" seed="1453365557" result="Passed" start-time="2026-08-09 10:35:04Z" end-time="2026-08-09 10:35:04Z" duration="0.004865" asserts="0">
            <properties>
              <property name="retryIteration" value="0" />
              <property name="repeatIteration" value="0" />
            </properties>
          </test-case>
          <test-case id="1016" name="Corridors_ExistWhenThereAreMultipleRooms(15)" fullname="PcgCorridorTests.Corridors_ExistWhenThereAreMultipleRooms(15)" methodname="Corridors_ExistWhenThereAreMultipleRooms" classname="PcgCorridorTests" runstate="Runnable" seed="1608537316" result="Passed" start-time="2026-08-09 10:35:04Z" end-time="2026-08-09 10:35:04Z" duration="0.004882" asserts="0">
            <properties>
              <property name="retryIteration" value="0" />
              <property name="repeatIteration" value="0" />
            </properties>
          </test-case>
          <test-case id="1017" name="Corridors_ExistWhenThereAreMultipleRooms(16)" fullname="PcgCorridorTests.Corridors_ExistWhenThereAreMultipleRooms(16)" methodname="Corridors_ExistWhenThereAreMultipleRooms" classname="PcgCorridorTests" runstate="Runnable" seed="782109782" result="Passed" start-time="2026-08-09 10:35:04Z" end-time="2026-08-09 10:35:04Z" duration="0.004682" asserts="0">
            <properties>
              <property name="retryIteration" value="0" />
              <property name="repeatIteration" value="0" />
            </properties>
          </test-case>
          <test-case id="1018" name="Corridors_ExistWhenThereAreMultipleRooms(17)" fullname="PcgCorridorTests.Corridors_ExistWhenThereAreMultipleRooms(17)" methodname="Corridors_ExistWhenThereAreMultipleRooms" classname="PcgCorridorTests" runstate="Runnable" seed="45552599" result="Passed" start-time="2026-08-09 10:35:04Z" end-time="2026-08-09 10:35:04Z" duration="0.004887" asserts="0">
            <properties>
              <property name="retryIteration" value="0" />
              <property name="repeatIteration" value="0" />
            </properties>
          </test-case>
          <test-case id="1019" name="Corridors_ExistWhenThereAreMultipleRooms(18)" fullname="PcgCorridorTests.Corridors_ExistWhenThereAreMultipleRooms(18)" methodname="Corridors_ExistWhenThereAreMultipleRooms" classname="PcgCorridorTests" runstate="Runnable" seed="487688831" result="Passed" start-time="2026-08-09 10:35:04Z" end-time="2026-08-09 10:35:04Z" duration="0.004697" asserts="0">
            <properties>
              <property name="retryIteration" value="0" />
              <property name="repeatIteration" value="0" />
            </properties>
          </test-case>
          <test-case id="1020" name="Corridors_ExistWhenThereAreMultipleRooms(19)" fullname="PcgCorridorTests.Corridors_ExistWhenThereAreMultipleRooms(19)" methodname="Corridors_ExistWhenThereAreMultipleRooms" classname="PcgCorridorTests" runstate="Runnable" seed="569518055" result="Passed" start-time="2026-08-09 10:35:04Z" end-time="2026-08-09 10:35:04Z" duration="0.005087" asserts="0">
            <properties>
              <property name="retryIteration" value="0" />
              <property name="repeatIteration" value="0" />
            </properties>
          </test-case>
          <test-case id="1021" name="Corridors_ExistWhenThereAreMultipleRooms(20)" fullname="PcgCorridorTests.Corridors_ExistWhenThereAreMultipleRooms(20)" methodname="Corridors_ExistWhenThereAreMultipleRooms" classname="PcgCorridorTests" runstate="Runnable" seed="1140930928" result="Passed" start-time="2026-08-09 10:35:04Z" end-time="2026-08-09 10:35:04Z" duration="0.004893" asserts="0">
            <properties>
              <property name="retryIteration" value="0" />
              <property name="repeatIteration" value="0" />
            </properties>
          </test-case>
        </test-suite>
        <test-suite type="ParameterizedMethod" id="1043" name="CorridorTiles_AreInsideTheMap" fullname="PcgCorridorTests.CorridorTiles_AreInsideTheMap" classname="PcgCorridorTests" runstate="Runnable" testcasecount="20" result="Passed" start-time="2026-08-09 10:35:04Z" end-time="2026-08-09 10:35:04Z" duration="0.140666" total="20" passed="20" failed="0" inconclusive="0" skipped="0" asserts="0">
          <properties />
          <test-case id="1023" name="CorridorTiles_AreInsideTheMap(1)" fullname="PcgCorridorTests.CorridorTiles_AreInsideTheMap(1)" methodname="CorridorTiles_AreInsideTheMap" classname="PcgCorridorTests" runstate="Runnable" seed="1909263511" result="Passed" start-time="2026-08-09 10:35:04Z" end-time="2026-08-09 10:35:04Z" duration="0.005738" asserts="0">
            <properties>
              <property name="retryIteration" value="0" />
              <property name="repeatIteration" value="0" />
            </properties>
          </test-case>
          <test-case id="1024" name="CorridorTiles_AreInsideTheMap(2)" fullname="PcgCorridorTests.CorridorTiles_AreInsideTheMap(2)" methodname="CorridorTiles_AreInsideTheMap" classname="PcgCorridorTests" runstate="Runnable" seed="1473865098" result="Passed" start-time="2026-08-09 10:35:04Z" end-time="2026-08-09 10:35:04Z" duration="0.004911" asserts="0">
            <properties>
              <property name="retryIteration" value="0" />
              <property name="repeatIteration" value="0" />
            </properties>
          </test-case>
          <test-case id="1025" name="CorridorTiles_AreInsideTheMap(3)" fullname="PcgCorridorTests.CorridorTiles_AreInsideTheMap(3)" methodname="CorridorTiles_AreInsideTheMap" classname="PcgCorridorTests" runstate="Runnable" seed="1164661633" result="Passed" start-time="2026-08-09 10:35:04Z" end-time="2026-08-09 10:35:04Z" duration="0.004980" asserts="0">
            <properties>
              <property name="retryIteration" value="0" />
              <property name="repeatIteration" value="0" />
            </properties>
          </test-case>
          <test-case id="1026" name="CorridorTiles_AreInsideTheMap(4)" fullname="PcgCorridorTests.CorridorTiles_AreInsideTheMap(4)" methodname="CorridorTiles_AreInsideTheMap" classname="PcgCorridorTests" runstate="Runnable" seed="1917354266" result="Passed" start-time="2026-08-09 10:35:04Z" end-time="2026-08-09 10:35:04Z" duration="0.005038" asserts="0">
            <properties>
              <property name="retryIteration" value="0" />
              <property name="repeatIteration" value="0" />
            </properties>
          </test-case>
          <test-case id="1027" name="CorridorTiles_AreInsideTheMap(5)" fullname="PcgCorridorTests.CorridorTiles_AreInsideTheMap(5)" methodname="CorridorTiles_AreInsideTheMap" classname="PcgCorridorTests" runstate="Runnable" seed="938402284" result="Passed" start-time="2026-08-09 10:35:04Z" end-time="2026-08-09 10:35:04Z" duration="0.004873" asserts="0">
            <properties>
              <property name="retryIteration" value="0" />
              <property name="repeatIteration" value="0" />
            </properties>
          </test-case>
          <test-case id="1028" name="CorridorTiles_AreInsideTheMap(6)" fullname="PcgCorridorTests.CorridorTiles_AreInsideTheMap(6)" methodname="CorridorTiles_AreInsideTheMap" classname="PcgCorridorTests" runstate="Runnable" seed="2048961418" result="Passed" start-time="2026-08-09 10:35:04Z" end-time="2026-08-09 10:35:04Z" duration="0.004866" asserts="0">
            <properties>
              <property name="retryIteration" value="0" />
              <property name="repeatIteration" value="0" />
            </properties>
          </test-case>
          <test-case id="1029" name="CorridorTiles_AreInsideTheMap(7)" fullname="PcgCorridorTests.CorridorTiles_AreInsideTheMap(7)" methodname="CorridorTiles_AreInsideTheMap" classname="PcgCorridorTests" runstate="Runnable" seed="1131997541" result="Passed" start-time="2026-08-09 10:35:04Z" end-time="2026-08-09 10:35:04Z" duration="0.004776" asserts="0">
            <properties>
              <property name="retryIteration" value="0" />
              <property name="repeatIteration" value="0" />
            </properties>
          </test-case>
          <test-case id="1030" name="CorridorTiles_AreInsideTheMap(8)" fullname="PcgCorridorTests.CorridorTiles_AreInsideTheMap(8)" methodname="CorridorTiles_AreInsideTheMap" classname="PcgCorridorTests" runstate="Runnable" seed="628969972" result="Passed" start-time="2026-08-09 10:35:04Z" end-time="2026-08-09 10:35:04Z" duration="0.004987" asserts="0">
            <properties>
              <property name="retryIteration" value="0" />
              <property name="repeatIteration" value="0" />
            </properties>
          </test-case>
          <test-case id="1031" name="CorridorTiles_AreInsideTheMap(9)" fullname="PcgCorridorTests.CorridorTiles_AreInsideTheMap(9)" methodname="CorridorTiles_AreInsideTheMap" classname="PcgCorridorTests" runstate="Runnable" seed="1358221973" result="Passed" start-time="2026-08-09 10:35:04Z" end-time="2026-08-09 10:35:04Z" duration="0.005156" asserts="0">
            <properties>
              <property name="retryIteration" value="0" />
              <property name="repeatIteration" value="0" />
            </properties>
          </test-case>
          <test-case id="1032" name="CorridorTiles_AreInsideTheMap(10)" fullname="PcgCorridorTests.CorridorTiles_AreInsideTheMap(10)" methodname="CorridorTiles_AreInsideTheMap" classname="PcgCorridorTests" runstate="Runnable" seed="190432769" result="Passed" start-time="2026-08-09 10:35:04Z" end-time="2026-08-09 10:35:04Z" duration="0.004906" asserts="0">
            <properties>
              <property name="retryIteration" value="0" />
              <property name="repeatIteration" value="0" />
            </properties>
          </test-case>
          <test-case id="1033" name="CorridorTiles_AreInsideTheMap(11)" fullname="PcgCorridorTests.CorridorTiles_AreInsideTheMap(11)" methodname="CorridorTiles_AreInsideTheMap" classname="PcgCorridorTests" runstate="Runnable" seed="729429892" result="Passed" start-time="2026-08-09 10:35:04Z" end-time="2026-08-09 10:35:04Z" duration="0.005410" asserts="0">
            <properties>
              <property name="retryIteration" value="0" />
              <property name="repeatIteration" value="0" />
            </properties>
          </test-case>
          <test-case id="1034" name="CorridorTiles_AreInsideTheMap(12)" fullname="PcgCorridorTests.CorridorTiles_AreInsideTheMap(12)" methodname="CorridorTiles_AreInsideTheMap" classname="PcgCorridorTests" runstate="Runnable" seed="1037282592" result="Passed" start-time="2026-08-09 10:35:04Z" end-time="2026-08-09 10:35:04Z" duration="0.005003" asserts="0">
            <properties>
              <property name="retryIteration" value="0" />
              <property name="repeatIteration" value="0" />
            </properties>
          </test-case>
          <test-case id="1035" name="CorridorTiles_AreInsideTheMap(13)" fullname="PcgCorridorTests.CorridorTiles_AreInsideTheMap(13)" methodname="CorridorTiles_AreInsideTheMap" classname="PcgCorridorTests" runstate="Runnable" seed="1235913420" result="Passed" start-time="2026-08-09 10:35:04Z" end-time="2026-08-09 10:35:04Z" duration="0.005152" asserts="0">
            <properties>
              <property name="retryIteration" value="0" />
              <property name="repeatIteration" value="0" />
            </properties>
          </test-case>
          <test-case id="1036" name="CorridorTiles_AreInsideTheMap(14)" fullname="PcgCorridorTests.CorridorTiles_AreInsideTheMap(14)" methodname="CorridorTiles_AreInsideTheMap" classname="PcgCorridorTests" runstate="Runnable" seed="1992165342" result="Passed" start-time="2026-08-09 10:35:04Z" end-time="2026-08-09 10:35:04Z" duration="0.005117" asserts="0">
            <properties>
              <property name="retryIteration" value="0" />
              <property name="repeatIteration" value="0" />
            </properties>
          </test-case>
          <test-case id="1037" name="CorridorTiles_AreInsideTheMap(15)" fullname="PcgCorridorTests.CorridorTiles_AreInsideTheMap(15)" methodname="CorridorTiles_AreInsideTheMap" classname="PcgCorridorTests" runstate="Runnable" seed="1895084618" result="Passed" start-time="2026-08-09 10:35:04Z" end-time="2026-08-09 10:35:04Z" duration="0.005081" asserts="0">
            <properties>
              <property name="retryIteration" value="0" />
              <property name="repeatIteration" value="0" />
            </properties>
          </test-case>
          <test-case id="1038" name="CorridorTiles_AreInsideTheMap(16)" fullname="PcgCorridorTests.CorridorTiles_AreInsideTheMap(16)" methodname="CorridorTiles_AreInsideTheMap" classname="PcgCorridorTests" runstate="Runnable" seed="230776067" result="Passed" start-time="2026-08-09 10:35:04Z" end-time="2026-08-09 10:35:04Z" duration="0.004840" asserts="0">
            <properties>
              <property name="retryIteration" value="0" />
              <property name="repeatIteration" value="0" />
            </properties>
          </test-case>
          <test-case id="1039" name="CorridorTiles_AreInsideTheMap(17)" fullname="PcgCorridorTests.CorridorTiles_AreInsideTheMap(17)" methodname="CorridorTiles_AreInsideTheMap" classname="PcgCorridorTests" runstate="Runnable" seed="1928543199" result="Passed" start-time="2026-08-09 10:35:04Z" end-time="2026-08-09 10:35:04Z" duration="0.005197" asserts="0">
            <properties>
              <property name="retryIteration" value="0" />
              <property name="repeatIteration" value="0" />
            </properties>
          </test-case>
          <test-case id="1040" name="CorridorTiles_AreInsideTheMap(18)" fullname="PcgCorridorTests.CorridorTiles_AreInsideTheMap(18)" methodname="CorridorTiles_AreInsideTheMap" classname="PcgCorridorTests" runstate="Runnable" seed="1783023012" result="Passed" start-time="2026-08-09 10:35:04Z" end-time="2026-08-09 10:35:04Z" duration="0.004917" asserts="0">
            <properties>
              <property name="retryIteration" value="0" />
              <property name="repeatIteration" value="0" />
            </properties>
          </test-case>
          <test-case id="1041" name="CorridorTiles_AreInsideTheMap(19)" fullname="PcgCorridorTests.CorridorTiles_AreInsideTheMap(19)" methodname="CorridorTiles_AreInsideTheMap" classname="PcgCorridorTests" runstate="Runnable" seed="799448538" result="Passed" start-time="2026-08-09 10:35:04Z" end-time="2026-08-09 10:35:04Z" duration="0.022134" asserts="0">
            <properties>
              <property name="retryIteration" value="0" />
              <property name="repeatIteration" value="0" />
            </properties>
          </test-case>
          <test-case id="1042" name="CorridorTiles_AreInsideTheMap(20)" fullname="PcgCorridorTests.CorridorTiles_AreInsideTheMap(20)" methodname="CorridorTiles_AreInsideTheMap" classname="PcgCorridorTests" runstate="Runnable" seed="795513347" result="Passed" start-time="2026-08-09 10:35:04Z" end-time="2026-08-09 10:35:04Z" duration="0.005148" asserts="0">
            <properties>
              <property name="retryIteration" value="0" />
              <property name="repeatIteration" value="0" />
            </properties>
          </test-case>
        </test-suite>
        <test-suite type="ParameterizedMethod" id="1064" name="CorridorTiles_NeverOverlapRoomTiles" fullname="PcgCorridorTests.CorridorTiles_NeverOverlapRoomTiles" classname="PcgCorridorTests" runstate="Runnable" testcasecount="20" result="Passed" start-time="2026-08-09 10:35:04Z" end-time="2026-08-09 10:35:05Z" duration="0.105205" total="20" passed="20" failed="0" inconclusive="0" skipped="0" asserts="0">
          <properties />
          <test-case id="1044" name="CorridorTiles_NeverOverlapRoomTiles(1)" fullname="PcgCorridorTests.CorridorTiles_NeverOverlapRoomTiles(1)" methodname="CorridorTiles_NeverOverlapRoomTiles" classname="PcgCorridorTests" runstate="Runnable" seed="669874307" result="Passed" start-time="2026-08-09 10:35:04Z" end-time="2026-08-09 10:35:04Z" duration="0.005240" asserts="0">
            <properties>
              <property name="retryIteration" value="0" />
              <property name="repeatIteration" value="0" />
            </properties>
          </test-case>
          <test-case id="1045" name="CorridorTiles_NeverOverlapRoomTiles(2)" fullname="PcgCorridorTests.CorridorTiles_NeverOverlapRoomTiles(2)" methodname="CorridorTiles_NeverOverlapRoomTiles" classname="PcgCorridorTests" runstate="Runnable" seed="1071622511" result="Passed" start-time="2026-08-09 10:35:04Z" end-time="2026-08-09 10:35:04Z" duration="0.004898" asserts="0">
            <properties>
              <property name="retryIteration" value="0" />
              <property name="repeatIteration" value="0" />
            </properties>
          </test-case>
          <test-case id="1046" name="CorridorTiles_NeverOverlapRoomTiles(3)" fullname="PcgCorridorTests.CorridorTiles_NeverOverlapRoomTiles(3)" methodname="CorridorTiles_NeverOverlapRoomTiles" classname="PcgCorridorTests" runstate="Runnable" seed="1655826624" result="Passed" start-time="2026-08-09 10:35:04Z" end-time="2026-08-09 10:35:04Z" duration="0.004991" asserts="0">
            <properties>
              <property name="retryIteration" value="0" />
              <property name="repeatIteration" value="0" />
            </properties>
          </test-case>
          <test-case id="1047" name="CorridorTiles_NeverOverlapRoomTiles(4)" fullname="PcgCorridorTests.CorridorTiles_NeverOverlapRoomTiles(4)" methodname="CorridorTiles_NeverOverlapRoomTiles" classname="PcgCorridorTests" runstate="Runnable" seed="1496160442" result="Passed" start-time="2026-08-09 10:35:04Z" end-time="2026-08-09 10:35:04Z" duration="0.005055" asserts="0">
            <properties>
              <property name="retryIteration" value="0" />
              <property name="repeatIteration" value="0" />
            </properties>
          </test-case>
          <test-case id="1048" name="CorridorTiles_NeverOverlapRoomTiles(5)" fullname="PcgCorridorTests.CorridorTiles_NeverOverlapRoomTiles(5)" methodname="CorridorTiles_NeverOverlapRoomTiles" classname="PcgCorridorTests" runstate="Runnable" seed="1282346066" result="Passed" start-time="2026-08-09 10:35:04Z" end-time="2026-08-09 10:35:04Z" duration="0.004918" asserts="0">
            <properties>
              <property name="retryIteration" value="0" />
              <property name="repeatIteration" value="0" />
            </properties>
          </test-case>
          <test-case id="1049" name="CorridorTiles_NeverOverlapRoomTiles(6)" fullname="PcgCorridorTests.CorridorTiles_NeverOverlapRoomTiles(6)" methodname="CorridorTiles_NeverOverlapRoomTiles" classname="PcgCorridorTests" runstate="Runnable" seed="638387047" result="Passed" start-time="2026-08-09 10:35:04Z" end-time="2026-08-09 10:35:04Z" duration="0.004861" asserts="0">
            <properties>
              <property name="retryIteration" value="0" />
              <property name="repeatIteration" value="0" />
            </properties>
          </test-case>
          <test-case id="1050" name="CorridorTiles_NeverOverlapRoomTiles(7)" fullname="PcgCorridorTests.CorridorTiles_NeverOverlapRoomTiles(7)" methodname="CorridorTiles_NeverOverlapRoomTiles" classname="PcgCorridorTests" runstate="Runnable" seed="1561023023" result="Passed" start-time="2026-08-09 10:35:04Z" end-time="2026-08-09 10:35:04Z" duration="0.004692" asserts="0">
            <properties>
              <property name="retryIteration" value="0" />
              <property name="repeatIteration" value="0" />
            </properties>
          </test-case>
          <test-case id="1051" name="CorridorTiles_NeverOverlapRoomTiles(8)" fullname="PcgCorridorTests.CorridorTiles_NeverOverlapRoomTiles(8)" methodname="CorridorTiles_NeverOverlapRoomTiles" classname="PcgCorridorTests" runstate="Runnable" seed="77585137" result="Passed" start-time="2026-08-09 10:35:04Z" end-time="2026-08-09 10:35:04Z" duration="0.004816" asserts="0">
            <properties>
              <property name="retryIteration" value="0" />
              <property name="repeatIteration" value="0" />
            </properties>
          </test-case>
          <test-case id="1052" name="CorridorTiles_NeverOverlapRoomTiles(9)" fullname="PcgCorridorTests.CorridorTiles_NeverOverlapRoomTiles(9)" methodname="CorridorTiles_NeverOverlapRoomTiles" classname="PcgCorridorTests" runstate="Runnable" seed="1582283612" result="Passed" start-time="2026-08-09 10:35:04Z" end-time="2026-08-09 10:35:04Z" duration="0.005249" asserts="0">
            <properties>
              <property name="retryIteration" value="0" />
              <property name="repeatIteration" value="0" />
            </properties>
          </test-case>
          <test-case id="1053" name="CorridorTiles_NeverOverlapRoomTiles(10)" fullname="PcgCorridorTests.CorridorTiles_NeverOverlapRoomTiles(10)" methodname="CorridorTiles_NeverOverlapRoomTiles" classname="PcgCorridorTests" runstate="Runnable" seed="435865089" result="Passed" start-time="2026-08-09 10:35:04Z" end-time="2026-08-09 10:35:04Z" duration="0.004986" asserts="0">
            <properties>
              <property name="retryIteration" value="0" />
              <property name="repeatIteration" value="0" />
            </properties>
          </test-case>
          <test-case id="1054" name="CorridorTiles_NeverOverlapRoomTiles(11)" fullname="PcgCorridorTests.CorridorTiles_NeverOverlapRoomTiles(11)" methodname="CorridorTiles_NeverOverlapRoomTiles" classname="PcgCorridorTests" runstate="Runnable" seed="1988506339" result="Passed" start-time="2026-08-09 10:35:04Z" end-time="2026-08-09 10:35:04Z" duration="0.005232" asserts="0">
            <properties>
              <property name="retryIteration" value="0" />
              <property name="repeatIteration" value="0" />
            </properties>
          </test-case>
          <test-case id="1055" name="CorridorTiles_NeverOverlapRoomTiles(12)" fullname="PcgCorridorTests.CorridorTiles_NeverOverlapRoomTiles(12)" methodname="CorridorTiles_NeverOverlapRoomTiles" classname="PcgCorridorTests" runstate="Runnable" seed="419515851" result="Passed" start-time="2026-08-09 10:35:04Z" end-time="2026-08-09 10:35:05Z" duration="0.004960" asserts="0">
            <properties>
              <property name="retryIteration" value="0" />
              <property name="repeatIteration" value="0" />
            </properties>
          </test-case>
          <test-case id="1056" name="CorridorTiles_NeverOverlapRoomTiles(13)" fullname="PcgCorridorTests.CorridorTiles_NeverOverlapRoomTiles(13)" methodname="CorridorTiles_NeverOverlapRoomTiles" classname="PcgCorridorTests" runstate="Runnable" seed="739313898" result="Passed" start-time="2026-08-09 10:35:05Z" end-time="2026-08-09 10:35:05Z" duration="0.004934" asserts="0">
            <properties>
              <property name="retryIteration" value="0" />
              <property name="repeatIteration" value="0" />
            </properties>
          </test-case>
          <test-case id="1057" name="CorridorTiles_NeverOverlapRoomTiles(14)" fullname="PcgCorridorTests.CorridorTiles_NeverOverlapRoomTiles(14)" methodname="CorridorTiles_NeverOverlapRoomTiles" classname="PcgCorridorTests" runstate="Runnable" seed="1279588880" result="Passed" start-time="2026-08-09 10:35:05Z" end-time="2026-08-09 10:35:05Z" duration="0.005076" asserts="0">
            <properties>
              <property name="retryIteration" value="0" />
              <property name="repeatIteration" value="0" />
            </properties>
          </test-case>
          <test-case id="1058" name="CorridorTiles_NeverOverlapRoomTiles(15)" fullname="PcgCorridorTests.CorridorTiles_NeverOverlapRoomTiles(15)" methodname="CorridorTiles_NeverOverlapRoomTiles" classname="PcgCorridorTests" runstate="Runnable" seed="368205677" result="Passed" start-time="2026-08-09 10:35:05Z" end-time="2026-08-09 10:35:05Z" duration="0.005106" asserts="0">
            <properties>
              <property name="retryIteration" value="0" />
              <property name="repeatIteration" value="0" />
            </properties>
          </test-case>
          <test-case id="1059" name="CorridorTiles_NeverOverlapRoomTiles(16)" fullname="PcgCorridorTests.CorridorTiles_NeverOverlapRoomTiles(16)" methodname="CorridorTiles_NeverOverlapRoomTiles" classname="PcgCorridorTests" runstate="Runnable" seed="1428772547" result="Passed" start-time="2026-08-09 10:35:05Z" end-time="2026-08-09 10:35:05Z" duration="0.004905" asserts="0">
            <properties>
              <property name="retryIteration" value="0" />
              <property name="repeatIteration" value="0" />
            </properties>
          </test-case>
          <test-case id="1060" name="CorridorTiles_NeverOverlapRoomTiles(17)" fullname="PcgCorridorTests.CorridorTiles_NeverOverlapRoomTiles(17)" methodname="CorridorTiles_NeverOverlapRoomTiles" classname="PcgCorridorTests" runstate="Runnable" seed="1031426141" result="Passed" start-time="2026-08-09 10:35:05Z" end-time="2026-08-09 10:35:05Z" duration="0.005083" asserts="0">
            <properties>
              <property name="retryIteration" value="0" />
              <property name="repeatIteration" value="0" />
            </properties>
          </test-case>
          <test-case id="1061" name="CorridorTiles_NeverOverlapRoomTiles(18)" fullname="PcgCorridorTests.CorridorTiles_NeverOverlapRoomTiles(18)" methodname="CorridorTiles_NeverOverlapRoomTiles" classname="PcgCorridorTests" runstate="Runnable" seed="649534258" result="Passed" start-time="2026-08-09 10:35:05Z" end-time="2026-08-09 10:35:05Z" duration="0.004968" asserts="0">
            <properties>
              <property name="retryIteration" value="0" />
              <property name="repeatIteration" value="0" />
            </properties>
          </test-case>
          <test-case id="1062" name="CorridorTiles_NeverOverlapRoomTiles(19)" fullname="PcgCorridorTests.CorridorTiles_NeverOverlapRoomTiles(19)" methodname="CorridorTiles_NeverOverlapRoomTiles" classname="PcgCorridorTests" runstate="Runnable" seed="1997749783" result="Passed" start-time="2026-08-09 10:35:05Z" end-time="2026-08-09 10:35:05Z" duration="0.005323" asserts="0">
            <properties>
              <property name="retryIteration" value="0" />
              <property name="repeatIteration" value="0" />
            </properties>
          </test-case>
          <test-case id="1063" name="CorridorTiles_NeverOverlapRoomTiles(20)" fullname="PcgCorridorTests.CorridorTiles_NeverOverlapRoomTiles(20)" methodname="CorridorTiles_NeverOverlapRoomTiles" classname="PcgCorridorTests" runstate="Runnable" seed="717881890" result="Passed" start-time="2026-08-09 10:35:05Z" end-time="2026-08-09 10:35:05Z" duration="0.005202" asserts="0">
            <properties>
              <property name="retryIteration" value="0" />
              <property name="repeatIteration" value="0" />
            </properties>
          </test-case>
        </test-suite>
        <test-suite type="ParameterizedMethod" id="1169" name="Doors_AreUnique" fullname="PcgCorridorTests.Doors_AreUnique" classname="PcgCorridorTests" runstate="Runnable" testcasecount="20" result="Passed" start-time="2026-08-09 10:35:05Z" end-time="2026-08-09 10:35:05Z" duration="0.126497" total="20" passed="20" failed="0" inconclusive="0" skipped="0" asserts="0">
          <properties />
          <test-case id="1149" name="Doors_AreUnique(1)" fullname="PcgCorridorTests.Doors_AreUnique(1)" methodname="Doors_AreUnique" classname="PcgCorridorTests" runstate="Runnable" seed="298798801" result="Passed" start-time="2026-08-09 10:35:05Z" end-time="2026-08-09 10:35:05Z" duration="0.009129" asserts="0">
            <properties>
              <property name="retryIteration" value="0" />
              <property name="repeatIteration" value="0" />
            </properties>
          </test-case>
          <test-case id="1150" name="Doors_AreUnique(2)" fullname="PcgCorridorTests.Doors_AreUnique(2)" methodname="Doors_AreUnique" classname="PcgCorridorTests" runstate="Runnable" seed="710277496" result="Passed" start-time="2026-08-09 10:35:05Z" end-time="2026-08-09 10:35:05Z" duration="0.005106" asserts="0">
            <properties>
              <property name="retryIteration" value="0" />
              <property name="repeatIteration" value="0" />
            </properties>
          </test-case>
          <test-case id="1151" name="Doors_AreUnique(3)" fullname="PcgCorridorTests.Doors_AreUnique(3)" methodname="Doors_AreUnique" classname="PcgCorridorTests" runstate="Runnable" seed="1062557801" result="Passed" start-time="2026-08-09 10:35:05Z" end-time="2026-08-09 10:35:05Z" duration="0.005307" asserts="0">
            <properties>
              <property name="retryIteration" value="0" />
              <property name="repeatIteration" value="0" />
            </properties>
          </test-case>
          <test-case id="1152" name="Doors_AreUnique(4)" fullname="PcgCorridorTests.Doors_AreUnique(4)" methodname="Doors_AreUnique" classname="PcgCorridorTests" runstate="Runnable" seed="1119596600" result="Passed" start-time="2026-08-09 10:35:05Z" end-time="2026-08-09 10:35:05Z" duration="0.005314" asserts="0">
            <properties>
              <property name="retryIteration" value="0" />
              <property name="repeatIteration" value="0" />
            </properties>
          </test-case>
          <test-case id="1153" name="Doors_AreUnique(5)" fullname="PcgCorridorTests.Doors_AreUnique(5)" methodname="Doors_AreUnique" classname="PcgCorridorTests" runstate="Runnable" seed="1828300743" result="Passed" start-time="2026-08-09 10:35:05Z" end-time="2026-08-09 10:35:05Z" duration="0.005099" asserts="0">
            <properties>
              <property name="retryIteration" value="0" />
              <property name="repeatIteration" value="0" />
            </properties>
          </test-case>
          <test-case id="1154" name="Doors_AreUnique(6)" fullname="PcgCorridorTests.Doors_AreUnique(6)" methodname="Doors_AreUnique" classname="PcgCorridorTests" runstate="Runnable" seed="1818343032" result="Passed" start-time="2026-08-09 10:35:05Z" end-time="2026-08-09 10:35:05Z" duration="0.004943" asserts="0">
            <properties>
              <property name="retryIteration" value="0" />
              <property name="repeatIteration" value="0" />
            </properties>
          </test-case>
          <test-case id="1155" name="Doors_AreUnique(7)" fullname="PcgCorridorTests.Doors_AreUnique(7)" methodname="Doors_AreUnique" classname="PcgCorridorTests" runstate="Runnable" seed="121971757" result="Passed" start-time="2026-08-09 10:35:05Z" end-time="2026-08-09 10:35:05Z" duration="0.004802" asserts="0">
            <properties>
              <property name="retryIteration" value="0" />
              <property name="repeatIteration" value="0" />
            </properties>
          </test-case>
          <test-case id="1156" name="Doors_AreUnique(8)" fullname="PcgCorridorTests.Doors_AreUnique(8)" methodname="Doors_AreUnique" classname="PcgCorridorTests" runstate="Runnable" seed="137792649" result="Passed" start-time="2026-08-09 10:35:05Z" end-time="2026-08-09 10:35:05Z" duration="0.004872" asserts="0">
            <properties>
              <property name="retryIteration" value="0" />
              <property name="repeatIteration" value="0" />
            </properties>
          </test-case>
          <test-case id="1157" name="Doors_AreUnique(9)" fullname="PcgCorridorTests.Doors_AreUnique(9)" methodname="Doors_AreUnique" classname="PcgCorridorTests" runstate="Runnable" seed="369566703" result="Passed" start-time="2026-08-09 10:35:05Z" end-time="2026-08-09 10:35:05Z" duration="0.005124" asserts="0">
            <properties>
              <property name="retryIteration" value="0" />
              <property name="repeatIteration" value="0" />
            </properties>
          </test-case>
          <test-case id="1158" name="Doors_AreUnique(10)" fullname="PcgCorridorTests.Doors_AreUnique(10)" methodname="Doors_AreUnique" classname="PcgCorridorTests" runstate="Runnable" seed="852141190" result="Passed" start-time="2026-08-09 10:35:05Z" end-time="2026-08-09 10:35:05Z" duration="0.004927" asserts="0">
            <properties>
              <property name="retryIteration" value="0" />
              <property name="repeatIteration" value="0" />
            </properties>
          </test-case>
          <test-case id="1159" name="Doors_AreUnique(11)" fullname="PcgCorridorTests.Doors_AreUnique(11)" methodname="Doors_AreUnique" classname="PcgCorridorTests" runstate="Runnable" seed="1269792331" result="Passed" start-time="2026-08-09 10:35:05Z" end-time="2026-08-09 10:35:05Z" duration="0.005188" asserts="0">
            <properties>
              <property name="retryIteration" value="0" />
              <property name="repeatIteration" value="0" />
            </properties>
          </test-case>
          <test-case id="1160" name="Doors_AreUnique(12)" fullname="PcgCorridorTests.Doors_AreUnique(12)" methodname="Doors_AreUnique" classname="PcgCorridorTests" runstate="Runnable" seed="1565411779" result="Passed" start-time="2026-08-09 10:35:05Z" end-time="2026-08-09 10:35:05Z" duration="0.004884" asserts="0">
            <properties>
              <property name="retryIteration" value="0" />
              <property name="repeatIteration" value="0" />
            </properties>
          </test-case>
          <test-case id="1161" name="Doors_AreUnique(13)" fullname="PcgCorridorTests.Doors_AreUnique(13)" methodname="Doors_AreUnique" classname="PcgCorridorTests" runstate="Runnable" seed="358442043" result="Passed" start-time="2026-08-09 10:35:05Z" end-time="2026-08-09 10:35:05Z" duration="0.004794" asserts="0">
            <properties>
              <property name="retryIteration" value="0" />
              <property name="repeatIteration" value="0" />
            </properties>
          </test-case>
          <test-case id="1162" name="Doors_AreUnique(14)" fullname="PcgCorridorTests.Doors_AreUnique(14)" methodname="Doors_AreUnique" classname="PcgCorridorTests" runstate="Runnable" seed="1248322527" result="Passed" start-time="2026-08-09 10:35:05Z" end-time="2026-08-09 10:35:05Z" duration="0.005028" asserts="0">
            <properties>
              <property name="retryIteration" value="0" />
              <property name="repeatIteration" value="0" />
            </properties>
          </test-case>
          <test-case id="1163" name="Doors_AreUnique(15)" fullname="PcgCorridorTests.Doors_AreUnique(15)" methodname="Doors_AreUnique" classname="PcgCorridorTests" runstate="Runnable" seed="1969283211" result="Passed" start-time="2026-08-09 10:35:05Z" end-time="2026-08-09 10:35:05Z" duration="0.005014" asserts="0">
            <properties>
              <property name="retryIteration" value="0" />
              <property name="repeatIteration" value="0" />
            </properties>
          </test-case>
          <test-case id="1164" name="Doors_AreUnique(16)" fullname="PcgCorridorTests.Doors_AreUnique(16)" methodname="Doors_AreUnique" classname="PcgCorridorTests" runstate="Runnable" seed="1863524467" result="Passed" start-time="2026-08-09 10:35:05Z" end-time="2026-08-09 10:35:05Z" duration="0.004822" asserts="0">
            <properties>
              <property name="retryIteration" value="0" />
              <property name="repeatIteration" value="0" />
            </properties>
          </test-case>
          <test-case id="1165" name="Doors_AreUnique(17)" fullname="PcgCorridorTests.Doors_AreUnique(17)" methodname="Doors_AreUnique" classname="PcgCorridorTests" runstate="Runnable" seed="1378489655" result="Passed" start-time="2026-08-09 10:35:05Z" end-time="2026-08-09 10:35:05Z" duration="0.008137" asserts="0">
            <properties>
              <property name="retryIteration" value="0" />
              <property name="repeatIteration" value="0" />
            </properties>
          </test-case>
          <test-case id="1166" name="Doors_AreUnique(18)" fullname="PcgCorridorTests.Doors_AreUnique(18)" methodname="Doors_AreUnique" classname="PcgCorridorTests" runstate="Runnable" seed="318257160" result="Passed" start-time="2026-08-09 10:35:05Z" end-time="2026-08-09 10:35:05Z" duration="0.018848" asserts="0">
            <properties>
              <property name="retryIteration" value="0" />
              <property name="repeatIteration" value="0" />
            </properties>
          </test-case>
          <test-case id="1167" name="Doors_AreUnique(19)" fullname="PcgCorridorTests.Doors_AreUnique(19)" methodname="Doors_AreUnique" classname="PcgCorridorTests" runstate="Runnable" seed="1701427321" result="Passed" start-time="2026-08-09 10:35:05Z" end-time="2026-08-09 10:35:05Z" duration="0.005320" asserts="0">
            <properties>
              <property name="retryIteration" value="0" />
              <property name="repeatIteration" value="0" />
            </properties>
          </test-case>
          <test-case id="1168" name="Doors_AreUnique(20)" fullname="PcgCorridorTests.Doors_AreUnique(20)" methodname="Doors_AreUnique" classname="PcgCorridorTests" runstate="Runnable" seed="1885188538" result="Passed" start-time="2026-08-09 10:35:05Z" end-time="2026-08-09 10:35:05Z" duration="0.005107" asserts="0">
            <properties>
              <property name="retryIteration" value="0" />
              <property name="repeatIteration" value="0" />
            </properties>
          </test-case>
        </test-suite>
        <test-suite type="ParameterizedMethod" id="1148" name="Doors_SitOnTheRoomPerimeter" fullname="PcgCorridorTests.Doors_SitOnTheRoomPerimeter" classname="PcgCorridorTests" runstate="Runnable" testcasecount="20" result="Passed" start-time="2026-08-09 10:35:05Z" end-time="2026-08-09 10:35:05Z" duration="0.105423" total="20" passed="20" failed="0" inconclusive="0" skipped="0" asserts="0">
          <properties />
          <test-case id="1128" name="Doors_SitOnTheRoomPerimeter(1)" fullname="PcgCorridorTests.Doors_SitOnTheRoomPerimeter(1)" methodname="Doors_SitOnTheRoomPerimeter" classname="PcgCorridorTests" runstate="Runnable" seed="854017796" result="Passed" start-time="2026-08-09 10:35:05Z" end-time="2026-08-09 10:35:05Z" duration="0.005980" asserts="0">
            <properties>
              <property name="retryIteration" value="0" />
              <property name="repeatIteration" value="0" />
            </properties>
          </test-case>
          <test-case id="1129" name="Doors_SitOnTheRoomPerimeter(2)" fullname="PcgCorridorTests.Doors_SitOnTheRoomPerimeter(2)" methodname="Doors_SitOnTheRoomPerimeter" classname="PcgCorridorTests" runstate="Runnable" seed="346396729" result="Passed" start-time="2026-08-09 10:35:05Z" end-time="2026-08-09 10:35:05Z" duration="0.005019" asserts="0">
            <properties>
              <property name="retryIteration" value="0" />
              <property name="repeatIteration" value="0" />
            </properties>
          </test-case>
          <test-case id="1130" name="Doors_SitOnTheRoomPerimeter(3)" fullname="PcgCorridorTests.Doors_SitOnTheRoomPerimeter(3)" methodname="Doors_SitOnTheRoomPerimeter" classname="PcgCorridorTests" runstate="Runnable" seed="126301787" result="Passed" start-time="2026-08-09 10:35:05Z" end-time="2026-08-09 10:35:05Z" duration="0.005057" asserts="0">
            <properties>
              <property name="retryIteration" value="0" />
              <property name="repeatIteration" value="0" />
            </properties>
          </test-case>
          <test-case id="1131" name="Doors_SitOnTheRoomPerimeter(4)" fullname="PcgCorridorTests.Doors_SitOnTheRoomPerimeter(4)" methodname="Doors_SitOnTheRoomPerimeter" classname="PcgCorridorTests" runstate="Runnable" seed="795723943" result="Passed" start-time="2026-08-09 10:35:05Z" end-time="2026-08-09 10:35:05Z" duration="0.005165" asserts="0">
            <properties>
              <property name="retryIteration" value="0" />
              <property name="repeatIteration" value="0" />
            </properties>
          </test-case>
          <test-case id="1132" name="Doors_SitOnTheRoomPerimeter(5)" fullname="PcgCorridorTests.Doors_SitOnTheRoomPerimeter(5)" methodname="Doors_SitOnTheRoomPerimeter" classname="PcgCorridorTests" runstate="Runnable" seed="848506207" result="Passed" start-time="2026-08-09 10:35:05Z" end-time="2026-08-09 10:35:05Z" duration="0.004949" asserts="0">
            <properties>
              <property name="retryIteration" value="0" />
              <property name="repeatIteration" value="0" />
            </properties>
          </test-case>
          <test-case id="1133" name="Doors_SitOnTheRoomPerimeter(6)" fullname="PcgCorridorTests.Doors_SitOnTheRoomPerimeter(6)" methodname="Doors_SitOnTheRoomPerimeter" classname="PcgCorridorTests" runstate="Runnable" seed="1527728841" result="Passed" start-time="2026-08-09 10:35:05Z" end-time="2026-08-09 10:35:05Z" duration="0.004862" asserts="0">
            <properties>
              <property name="retryIteration" value="0" />
              <property name="repeatIteration" value="0" />
            </properties>
          </test-case>
          <test-case id="1134" name="Doors_SitOnTheRoomPerimeter(7)" fullname="PcgCorridorTests.Doors_SitOnTheRoomPerimeter(7)" methodname="Doors_SitOnTheRoomPerimeter" classname="PcgCorridorTests" runstate="Runnable" seed="858396170" result="Passed" start-time="2026-08-09 10:35:05Z" end-time="2026-08-09 10:35:05Z" duration="0.004731" asserts="0">
            <properties>
              <property name="retryIteration" value="0" />
              <property name="repeatIteration" value="0" />
            </properties>
          </test-case>
          <test-case id="1135" name="Doors_SitOnTheRoomPerimeter(8)" fullname="PcgCorridorTests.Doors_SitOnTheRoomPerimeter(8)" methodname="Doors_SitOnTheRoomPerimeter" classname="PcgCorridorTests" runstate="Runnable" seed="1470642534" result="Passed" start-time="2026-08-09 10:35:05Z" end-time="2026-08-09 10:35:05Z" duration="0.004693" asserts="0">
            <properties>
              <property name="retryIteration" value="0" />
              <property name="repeatIteration" value="0" />
            </properties>
          </test-case>
          <test-case id="1136" name="Doors_SitOnTheRoomPerimeter(9)" fullname="PcgCorridorTests.Doors_SitOnTheRoomPerimeter(9)" methodname="Doors_SitOnTheRoomPerimeter" classname="PcgCorridorTests" runstate="Runnable" seed="671054812" result="Passed" start-time="2026-08-09 10:35:05Z" end-time="2026-08-09 10:35:05Z" duration="0.005017" asserts="0">
            <properties>
              <property name="retryIteration" value="0" />
              <property name="repeatIteration" value="0" />
            </properties>
          </test-case>
          <test-case id="1137" name="Doors_SitOnTheRoomPerimeter(10)" fullname="PcgCorridorTests.Doors_SitOnTheRoomPerimeter(10)" methodname="Doors_SitOnTheRoomPerimeter" classname="PcgCorridorTests" runstate="Runnable" seed="580322648" result="Passed" start-time="2026-08-09 10:35:05Z" end-time="2026-08-09 10:35:05Z" duration="0.004828" asserts="0">
            <properties>
              <property name="retryIteration" value="0" />
              <property name="repeatIteration" value="0" />
            </properties>
          </test-case>
          <test-case id="1138" name="Doors_SitOnTheRoomPerimeter(11)" fullname="PcgCorridorTests.Doors_SitOnTheRoomPerimeter(11)" methodname="Doors_SitOnTheRoomPerimeter" classname="PcgCorridorTests" runstate="Runnable" seed="1642087151" result="Passed" start-time="2026-08-09 10:35:05Z" end-time="2026-08-09 10:35:05Z" duration="0.005063" asserts="0">
            <properties>
              <property name="retryIteration" value="0" />
              <property name="repeatIteration" value="0" />
            </properties>
          </test-case>
          <test-case id="1139" name="Doors_SitOnTheRoomPerimeter(12)" fullname="PcgCorridorTests.Doors_SitOnTheRoomPerimeter(12)" methodname="Doors_SitOnTheRoomPerimeter" classname="PcgCorridorTests" runstate="Runnable" seed="1746804539" result="Passed" start-time="2026-08-09 10:35:05Z" end-time="2026-08-09 10:35:05Z" duration="0.004849" asserts="0">
            <properties>
              <property name="retryIteration" value="0" />
              <property name="repeatIteration" value="0" />
            </properties>
          </test-case>
          <test-case id="1140" name="Doors_SitOnTheRoomPerimeter(13)" fullname="PcgCorridorTests.Doors_SitOnTheRoomPerimeter(13)" methodname="Doors_SitOnTheRoomPerimeter" classname="PcgCorridorTests" runstate="Runnable" seed="1436837434" result="Passed" start-time="2026-08-09 10:35:05Z" end-time="2026-08-09 10:35:05Z" duration="0.004777" asserts="0">
            <properties>
              <property name="retryIteration" value="0" />
              <property name="repeatIteration" value="0" />
            </properties>
          </test-case>
          <test-case id="1141" name="Doors_SitOnTheRoomPerimeter(14)" fullname="PcgCorridorTests.Doors_SitOnTheRoomPerimeter(14)" methodname="Doors_SitOnTheRoomPerimeter" classname="PcgCorridorTests" runstate="Runnable" seed="1040474859" result="Passed" start-time="2026-08-09 10:35:05Z" end-time="2026-08-09 10:35:05Z" duration="0.005001" asserts="0">
            <properties>
              <property name="retryIteration" value="0" />
              <property name="repeatIteration" value="0" />
            </properties>
          </test-case>
          <test-case id="1142" name="Doors_SitOnTheRoomPerimeter(15)" fullname="PcgCorridorTests.Doors_SitOnTheRoomPerimeter(15)" methodname="Doors_SitOnTheRoomPerimeter" classname="PcgCorridorTests" runstate="Runnable" seed="1921817268" result="Passed" start-time="2026-08-09 10:35:05Z" end-time="2026-08-09 10:35:05Z" duration="0.005024" asserts="0">
            <properties>
              <property name="retryIteration" value="0" />
              <property name="repeatIteration" value="0" />
            </properties>
          </test-case>
          <test-case id="1143" name="Doors_SitOnTheRoomPerimeter(16)" fullname="PcgCorridorTests.Doors_SitOnTheRoomPerimeter(16)" methodname="Doors_SitOnTheRoomPerimeter" classname="PcgCorridorTests" runstate="Runnable" seed="1502433468" result="Passed" start-time="2026-08-09 10:35:05Z" end-time="2026-08-09 10:35:05Z" duration="0.004838" asserts="0">
            <properties>
              <property name="retryIteration" value="0" />
              <property name="repeatIteration" value="0" />
            </properties>
          </test-case>
          <test-case id="1144" name="Doors_SitOnTheRoomPerimeter(17)" fullname="PcgCorridorTests.Doors_SitOnTheRoomPerimeter(17)" methodname="Doors_SitOnTheRoomPerimeter" classname="PcgCorridorTests" runstate="Runnable" seed="142376953" result="Passed" start-time="2026-08-09 10:35:05Z" end-time="2026-08-09 10:35:05Z" duration="0.004969" asserts="0">
            <properties>
              <property name="retryIteration" value="0" />
              <property name="repeatIteration" value="0" />
            </properties>
          </test-case>
          <test-case id="1145" name="Doors_SitOnTheRoomPerimeter(18)" fullname="PcgCorridorTests.Doors_SitOnTheRoomPerimeter(18)" methodname="Doors_SitOnTheRoomPerimeter" classname="PcgCorridorTests" runstate="Runnable" seed="468050168" result="Passed" start-time="2026-08-09 10:35:05Z" end-time="2026-08-09 10:35:05Z" duration="0.004970" asserts="0">
            <properties>
              <property name="retryIteration" value="0" />
              <property name="repeatIteration" value="0" />
            </properties>
          </test-case>
          <test-case id="1146" name="Doors_SitOnTheRoomPerimeter(19)" fullname="PcgCorridorTests.Doors_SitOnTheRoomPerimeter(19)" methodname="Doors_SitOnTheRoomPerimeter" classname="PcgCorridorTests" runstate="Runnable" seed="156490358" result="Passed" start-time="2026-08-09 10:35:05Z" end-time="2026-08-09 10:35:05Z" duration="0.005290" asserts="0">
            <properties>
              <property name="retryIteration" value="0" />
              <property name="repeatIteration" value="0" />
            </properties>
          </test-case>
          <test-case id="1147" name="Doors_SitOnTheRoomPerimeter(20)" fullname="PcgCorridorTests.Doors_SitOnTheRoomPerimeter(20)" methodname="Doors_SitOnTheRoomPerimeter" classname="PcgCorridorTests" runstate="Runnable" seed="1199237990" result="Passed" start-time="2026-08-09 10:35:05Z" end-time="2026-08-09 10:35:05Z" duration="0.005062" asserts="0">
            <properties>
              <property name="retryIteration" value="0" />
              <property name="repeatIteration" value="0" />
            </properties>
          </test-case>
        </test-suite>
        <test-suite type="ParameterizedMethod" id="1085" name="EveryCorridorTile_TouchesARoomOrAnotherCorridorTile" fullname="PcgCorridorTests.EveryCorridorTile_TouchesARoomOrAnotherCorridorTile" classname="PcgCorridorTests" runstate="Runnable" testcasecount="20" result="Passed" start-time="2026-08-09 10:35:05Z" end-time="2026-08-09 10:35:05Z" duration="0.122270" total="20" passed="20" failed="0" inconclusive="0" skipped="0" asserts="0">
          <properties />
          <test-case id="1065" name="EveryCorridorTile_TouchesARoomOrAnotherCorridorTile(1)" fullname="PcgCorridorTests.EveryCorridorTile_TouchesARoomOrAnotherCorridorTile(1)" methodname="EveryCorridorTile_TouchesARoomOrAnotherCorridorTile" classname="PcgCorridorTests" runstate="Runnable" seed="168998171" result="Passed" start-time="2026-08-09 10:35:05Z" end-time="2026-08-09 10:35:05Z" duration="0.005243" asserts="0">
            <properties>
              <property name="retryIteration" value="0" />
              <property name="repeatIteration" value="0" />
            </properties>
          </test-case>
          <test-case id="1066" name="EveryCorridorTile_TouchesARoomOrAnotherCorridorTile(2)" fullname="PcgCorridorTests.EveryCorridorTile_TouchesARoomOrAnotherCorridorTile(2)" methodname="EveryCorridorTile_TouchesARoomOrAnotherCorridorTile" classname="PcgCorridorTests" runstate="Runnable" seed="617001772" result="Passed" start-time="2026-08-09 10:35:05Z" end-time="2026-08-09 10:35:05Z" duration="0.004827" asserts="0">
            <properties>
              <property name="retryIteration" value="0" />
              <property name="repeatIteration" value="0" />
            </properties>
          </test-case>
          <test-case id="1067" name="EveryCorridorTile_TouchesARoomOrAnotherCorridorTile(3)" fullname="PcgCorridorTests.EveryCorridorTile_TouchesARoomOrAnotherCorridorTile(3)" methodname="EveryCorridorTile_TouchesARoomOrAnotherCorridorTile" classname="PcgCorridorTests" runstate="Runnable" seed="1288315936" result="Passed" start-time="2026-08-09 10:35:05Z" end-time="2026-08-09 10:35:05Z" duration="0.005185" asserts="0">
            <properties>
              <property name="retryIteration" value="0" />
              <property name="repeatIteration" value="0" />
            </properties>
          </test-case>
          <test-case id="1068" name="EveryCorridorTile_TouchesARoomOrAnotherCorridorTile(4)" fullname="PcgCorridorTests.EveryCorridorTile_TouchesARoomOrAnotherCorridorTile(4)" methodname="EveryCorridorTile_TouchesARoomOrAnotherCorridorTile" classname="PcgCorridorTests" runstate="Runnable" seed="548120399" result="Passed" start-time="2026-08-09 10:35:05Z" end-time="2026-08-09 10:35:05Z" duration="0.005076" asserts="0">
            <properties>
              <property name="retryIteration" value="0" />
              <property name="repeatIteration" value="0" />
            </properties>
          </test-case>
          <test-case id="1069" name="EveryCorridorTile_TouchesARoomOrAnotherCorridorTile(5)" fullname="PcgCorridorTests.EveryCorridorTile_TouchesARoomOrAnotherCorridorTile(5)" methodname="EveryCorridorTile_TouchesARoomOrAnotherCorridorTile" classname="PcgCorridorTests" runstate="Runnable" seed="931819080" result="Passed" start-time="2026-08-09 10:35:05Z" end-time="2026-08-09 10:35:05Z" duration="0.004918" asserts="0">
            <properties>
              <property name="retryIteration" value="0" />
              <property name="repeatIteration" value="0" />
            </properties>
          </test-case>
          <test-case id="1070" name="EveryCorridorTile_TouchesARoomOrAnotherCorridorTile(6)" fullname="PcgCorridorTests.EveryCorridorTile_TouchesARoomOrAnotherCorridorTile(6)" methodname="EveryCorridorTile_TouchesARoomOrAnotherCorridorTile" classname="PcgCorridorTests" runstate="Runnable" seed="1461741769" result="Passed" start-time="2026-08-09 10:35:05Z" end-time="2026-08-09 10:35:05Z" duration="0.004921" asserts="0">
            <properties>
              <property name="retryIteration" value="0" />
              <property name="repeatIteration" value="0" />
            </properties>
          </test-case>
          <test-case id="1071" name="EveryCorridorTile_TouchesARoomOrAnotherCorridorTile(7)" fullname="PcgCorridorTests.EveryCorridorTile_TouchesARoomOrAnotherCorridorTile(7)" methodname="EveryCorridorTile_TouchesARoomOrAnotherCorridorTile" classname="PcgCorridorTests" runstate="Runnable" seed="1149787942" result="Passed" start-time="2026-08-09 10:35:05Z" end-time="2026-08-09 10:35:05Z" duration="0.004752" asserts="0">
            <properties>
              <property name="retryIteration" value="0" />
              <property name="repeatIteration" value="0" />
            </properties>
          </test-case>
          <test-case id="1072" name="EveryCorridorTile_TouchesARoomOrAnotherCorridorTile(8)" fullname="PcgCorridorTests.EveryCorridorTile_TouchesARoomOrAnotherCorridorTile(8)" methodname="EveryCorridorTile_TouchesARoomOrAnotherCorridorTile" classname="PcgCorridorTests" runstate="Runnable" seed="1014832689" result="Passed" start-time="2026-08-09 10:35:05Z" end-time="2026-08-09 10:35:05Z" duration="0.004687" asserts="0">
            <properties>
              <property name="retryIteration" value="0" />
              <property name="repeatIteration" value="0" />
            </properties>
          </test-case>
          <test-case id="1073" name="EveryCorridorTile_TouchesARoomOrAnotherCorridorTile(9)" fullname="PcgCorridorTests.EveryCorridorTile_TouchesARoomOrAnotherCorridorTile(9)" methodname="EveryCorridorTile_TouchesARoomOrAnotherCorridorTile" classname="PcgCorridorTests" runstate="Runnable" seed="196198066" result="Passed" start-time="2026-08-09 10:35:05Z" end-time="2026-08-09 10:35:05Z" duration="0.005207" asserts="0">
            <properties>
              <property name="retryIteration" value="0" />
              <property name="repeatIteration" value="0" />
            </properties>
          </test-case>
          <test-case id="1074" name="EveryCorridorTile_TouchesARoomOrAnotherCorridorTile(10)" fullname="PcgCorridorTests.EveryCorridorTile_TouchesARoomOrAnotherCorridorTile(10)" methodname="EveryCorridorTile_TouchesARoomOrAnotherCorridorTile" classname="PcgCorridorTests" runstate="Runnable" seed="402140412" result="Passed" start-time="2026-08-09 10:35:05Z" end-time="2026-08-09 10:35:05Z" duration="0.004930" asserts="0">
            <properties>
              <property name="retryIteration" value="0" />
              <property name="repeatIteration" value="0" />
            </properties>
          </test-case>
          <test-case id="1075" name="EveryCorridorTile_TouchesARoomOrAnotherCorridorTile(11)" fullname="PcgCorridorTests.EveryCorridorTile_TouchesARoomOrAnotherCorridorTile(11)" methodname="EveryCorridorTile_TouchesARoomOrAnotherCorridorTile" classname="PcgCorridorTests" runstate="Runnable" seed="891104229" result="Passed" start-time="2026-08-09 10:35:05Z" end-time="2026-08-09 10:35:05Z" duration="0.005099" asserts="0">
            <properties>
              <property name="retryIteration" value="0" />
              <property name="repeatIteration" value="0" />
            </properties>
          </test-case>
          <test-case id="1076" name="EveryCorridorTile_TouchesARoomOrAnotherCorridorTile(12)" fullname="PcgCorridorTests.EveryCorridorTile_TouchesARoomOrAnotherCorridorTile(12)" methodname="EveryCorridorTile_TouchesARoomOrAnotherCorridorTile" classname="PcgCorridorTests" runstate="Runnable" seed="2009059060" result="Passed" start-time="2026-08-09 10:35:05Z" end-time="2026-08-09 10:35:05Z" duration="0.004770" asserts="0">
            <properties>
              <property name="retryIteration" value="0" />
              <property name="repeatIteration" value="0" />
            </properties>
          </test-case>
          <test-case id="1077" name="EveryCorridorTile_TouchesARoomOrAnotherCorridorTile(13)" fullname="PcgCorridorTests.EveryCorridorTile_TouchesARoomOrAnotherCorridorTile(13)" methodname="EveryCorridorTile_TouchesARoomOrAnotherCorridorTile" classname="PcgCorridorTests" runstate="Runnable" seed="955065453" result="Passed" start-time="2026-08-09 10:35:05Z" end-time="2026-08-09 10:35:05Z" duration="0.004740" asserts="0">
            <properties>
              <property name="retryIteration" value="0" />
              <property name="repeatIteration" value="0" />
            </properties>
          </test-case>
          <test-case id="1078" name="EveryCorridorTile_TouchesARoomOrAnotherCorridorTile(14)" fullname="PcgCorridorTests.EveryCorridorTile_TouchesARoomOrAnotherCorridorTile(14)" methodname="EveryCorridorTile_TouchesARoomOrAnotherCorridorTile" classname="PcgCorridorTests" runstate="Runnable" seed="1600494618" result="Passed" start-time="2026-08-09 10:35:05Z" end-time="2026-08-09 10:35:05Z" duration="0.004900" asserts="0">
            <properties>
              <property name="retryIteration" value="0" />
              <property name="repeatIteration" value="0" />
            </properties>
          </test-case>
          <test-case id="1079" name="EveryCorridorTile_TouchesARoomOrAnotherCorridorTile(15)" fullname="PcgCorridorTests.EveryCorridorTile_TouchesARoomOrAnotherCorridorTile(15)" methodname="EveryCorridorTile_TouchesARoomOrAnotherCorridorTile" classname="PcgCorridorTests" runstate="Runnable" seed="242738431" result="Passed" start-time="2026-08-09 10:35:05Z" end-time="2026-08-09 10:35:05Z" duration="0.005012" asserts="0">
            <properties>
              <property name="retryIteration" value="0" />
              <property name="repeatIteration" value="0" />
            </properties>
          </test-case>
          <test-case id="1080" name="EveryCorridorTile_TouchesARoomOrAnotherCorridorTile(16)" fullname="PcgCorridorTests.EveryCorridorTile_TouchesARoomOrAnotherCorridorTile(16)" methodname="EveryCorridorTile_TouchesARoomOrAnotherCorridorTile" classname="PcgCorridorTests" runstate="Runnable" seed="54979559" result="Passed" start-time="2026-08-09 10:35:05Z" end-time="2026-08-09 10:35:05Z" duration="0.021799" asserts="0">
            <properties>
              <property name="retryIteration" value="0" />
              <property name="repeatIteration" value="0" />
            </properties>
          </test-case>
          <test-case id="1081" name="EveryCorridorTile_TouchesARoomOrAnotherCorridorTile(17)" fullname="PcgCorridorTests.EveryCorridorTile_TouchesARoomOrAnotherCorridorTile(17)" methodname="EveryCorridorTile_TouchesARoomOrAnotherCorridorTile" classname="PcgCorridorTests" runstate="Runnable" seed="678989921" result="Passed" start-time="2026-08-09 10:35:05Z" end-time="2026-08-09 10:35:05Z" duration="0.005049" asserts="0">
            <properties>
              <property name="retryIteration" value="0" />
              <property name="repeatIteration" value="0" />
            </properties>
          </test-case>
          <test-case id="1082" name="EveryCorridorTile_TouchesARoomOrAnotherCorridorTile(18)" fullname="PcgCorridorTests.EveryCorridorTile_TouchesARoomOrAnotherCorridorTile(18)" methodname="EveryCorridorTile_TouchesARoomOrAnotherCorridorTile" classname="PcgCorridorTests" runstate="Runnable" seed="1211336052" result="Passed" start-time="2026-08-09 10:35:05Z" end-time="2026-08-09 10:35:05Z" duration="0.005376" asserts="0">
            <properties>
              <property name="retryIteration" value="0" />
              <property name="repeatIteration" value="0" />
            </properties>
          </test-case>
          <test-case id="1083" name="EveryCorridorTile_TouchesARoomOrAnotherCorridorTile(19)" fullname="PcgCorridorTests.EveryCorridorTile_TouchesARoomOrAnotherCorridorTile(19)" methodname="EveryCorridorTile_TouchesARoomOrAnotherCorridorTile" classname="PcgCorridorTests" runstate="Runnable" seed="84557680" result="Passed" start-time="2026-08-09 10:35:05Z" end-time="2026-08-09 10:35:05Z" duration="0.005319" asserts="0">
            <properties>
              <property name="retryIteration" value="0" />
              <property name="repeatIteration" value="0" />
            </properties>
          </test-case>
          <test-case id="1084" name="EveryCorridorTile_TouchesARoomOrAnotherCorridorTile(20)" fullname="PcgCorridorTests.EveryCorridorTile_TouchesARoomOrAnotherCorridorTile(20)" methodname="EveryCorridorTile_TouchesARoomOrAnotherCorridorTile" classname="PcgCorridorTests" runstate="Runnable" seed="1868138302" result="Passed" start-time="2026-08-09 10:35:05Z" end-time="2026-08-09 10:35:05Z" duration="0.004993" asserts="0">
            <properties>
              <property name="retryIteration" value="0" />
              <property name="repeatIteration" value="0" />
            </properties>
          </test-case>
        </test-suite>
        <test-suite type="ParameterizedMethod" id="1106" name="EveryMstEdge_BecameACorridor" fullname="PcgCorridorTests.EveryMstEdge_BecameACorridor" classname="PcgCorridorTests" runstate="Runnable" testcasecount="20" result="Passed" start-time="2026-08-09 10:35:05Z" end-time="2026-08-09 10:35:05Z" duration="0.103561" total="20" passed="20" failed="0" inconclusive="0" skipped="0" asserts="0">
          <properties />
          <test-case id="1086" name="EveryMstEdge_BecameACorridor(1)" fullname="PcgCorridorTests.EveryMstEdge_BecameACorridor(1)" methodname="EveryMstEdge_BecameACorridor" classname="PcgCorridorTests" runstate="Runnable" seed="1977658363" result="Passed" start-time="2026-08-09 10:35:05Z" end-time="2026-08-09 10:35:05Z" duration="0.005520" asserts="0">
            <properties>
              <property name="retryIteration" value="0" />
              <property name="repeatIteration" value="0" />
            </properties>
          </test-case>
          <test-case id="1087" name="EveryMstEdge_BecameACorridor(2)" fullname="PcgCorridorTests.EveryMstEdge_BecameACorridor(2)" methodname="EveryMstEdge_BecameACorridor" classname="PcgCorridorTests" runstate="Runnable" seed="2107925910" result="Passed" start-time="2026-08-09 10:35:05Z" end-time="2026-08-09 10:35:05Z" duration="0.004765" asserts="0">
            <properties>
              <property name="retryIteration" value="0" />
              <property name="repeatIteration" value="0" />
            </properties>
          </test-case>
          <test-case id="1088" name="EveryMstEdge_BecameACorridor(3)" fullname="PcgCorridorTests.EveryMstEdge_BecameACorridor(3)" methodname="EveryMstEdge_BecameACorridor" classname="PcgCorridorTests" runstate="Runnable" seed="403466597" result="Passed" start-time="2026-08-09 10:35:05Z" end-time="2026-08-09 10:35:05Z" duration="0.004866" asserts="0">
            <properties>
              <property name="retryIteration" value="0" />
              <property name="repeatIteration" value="0" />
            </properties>
          </test-case>
          <test-case id="1089" name="EveryMstEdge_BecameACorridor(4)" fullname="PcgCorridorTests.EveryMstEdge_BecameACorridor(4)" methodname="EveryMstEdge_BecameACorridor" classname="PcgCorridorTests" runstate="Runnable" seed="721716041" result="Passed" start-time="2026-08-09 10:35:05Z" end-time="2026-08-09 10:35:05Z" duration="0.005040" asserts="0">
            <properties>
              <property name="retryIteration" value="0" />
              <property name="repeatIteration" value="0" />
            </properties>
          </test-case>
          <test-case id="1090" name="EveryMstEdge_BecameACorridor(5)" fullname="PcgCorridorTests.EveryMstEdge_BecameACorridor(5)" methodname="EveryMstEdge_BecameACorridor" classname="PcgCorridorTests" runstate="Runnable" seed="148213014" result="Passed" start-time="2026-08-09 10:35:05Z" end-time="2026-08-09 10:35:05Z" duration="0.004834" asserts="0">
            <properties>
              <property name="retryIteration" value="0" />
              <property name="repeatIteration" value="0" />
            </properties>
          </test-case>
          <test-case id="1091" name="EveryMstEdge_BecameACorridor(6)" fullname="PcgCorridorTests.EveryMstEdge_BecameACorridor(6)" methodname="EveryMstEdge_BecameACorridor" classname="PcgCorridorTests" runstate="Runnable" seed="2021216440" result="Passed" start-time="2026-08-09 10:35:05Z" end-time="2026-08-09 10:35:05Z" duration="0.004704" asserts="0">
            <properties>
              <property name="retryIteration" value="0" />
              <property name="repeatIteration" value="0" />
            </properties>
          </test-case>
          <test-case id="1092" name="EveryMstEdge_BecameACorridor(7)" fullname="PcgCorridorTests.EveryMstEdge_BecameACorridor(7)" methodname="EveryMstEdge_BecameACorridor" classname="PcgCorridorTests" runstate="Runnable" seed="1725557520" result="Passed" start-time="2026-08-09 10:35:05Z" end-time="2026-08-09 10:35:05Z" duration="0.004753" asserts="0">
            <properties>
              <property name="retryIteration" value="0" />
              <property name="repeatIteration" value="0" />
            </properties>
          </test-case>
          <test-case id="1093" name="EveryMstEdge_BecameACorridor(8)" fullname="PcgCorridorTests.EveryMstEdge_BecameACorridor(8)" methodname="EveryMstEdge_BecameACorridor" classname="PcgCorridorTests" runstate="Runnable" seed="202615744" result="Passed" start-time="2026-08-09 10:35:05Z" end-time="2026-08-09 10:35:05Z" duration="0.004617" asserts="0">
            <properties>
              <property name="retryIteration" value="0" />
              <property name="repeatIteration" value="0" />
            </properties>
          </test-case>
          <test-case id="1094" name="EveryMstEdge_BecameACorridor(9)" fullname="PcgCorridorTests.EveryMstEdge_BecameACorridor(9)" methodname="EveryMstEdge_BecameACorridor" classname="PcgCorridorTests" runstate="Runnable" seed="1380887694" result="Passed" start-time="2026-08-09 10:35:05Z" end-time="2026-08-09 10:35:05Z" duration="0.005060" asserts="0">
            <properties>
              <property name="retryIteration" value="0" />
              <property name="repeatIteration" value="0" />
            </properties>
          </test-case>
          <test-case id="1095" name="EveryMstEdge_BecameACorridor(10)" fullname="PcgCorridorTests.EveryMstEdge_BecameACorridor(10)" methodname="EveryMstEdge_BecameACorridor" classname="PcgCorridorTests" runstate="Runnable" seed="1014495415" result="Passed" start-time="2026-08-09 10:35:05Z" end-time="2026-08-09 10:35:05Z" duration="0.004868" asserts="0">
            <properties>
              <property name="retryIteration" value="0" />
              <property name="repeatIteration" value="0" />
            </properties>
          </test-case>
          <test-case id="1096" name="EveryMstEdge_BecameACorridor(11)" fullname="PcgCorridorTests.EveryMstEdge_BecameACorridor(11)" methodname="EveryMstEdge_BecameACorridor" classname="PcgCorridorTests" runstate="Runnable" seed="1101865161" result="Passed" start-time="2026-08-09 10:35:05Z" end-time="2026-08-09 10:35:05Z" duration="0.005020" asserts="0">
            <properties>
              <property name="retryIteration" value="0" />
              <property name="repeatIteration" value="0" />
            </properties>
          </test-case>
          <test-case id="1097" name="EveryMstEdge_BecameACorridor(12)" fullname="PcgCorridorTests.EveryMstEdge_BecameACorridor(12)" methodname="EveryMstEdge_BecameACorridor" classname="PcgCorridorTests" runstate="Runnable" seed="1435826771" result="Passed" start-time="2026-08-09 10:35:05Z" end-time="2026-08-09 10:35:05Z" duration="0.004772" asserts="0">
            <properties>
              <property name="retryIteration" value="0" />
              <property name="repeatIteration" value="0" />
            </properties>
          </test-case>
          <test-case id="1098" name="EveryMstEdge_BecameACorridor(13)" fullname="PcgCorridorTests.EveryMstEdge_BecameACorridor(13)" methodname="EveryMstEdge_BecameACorridor" classname="PcgCorridorTests" runstate="Runnable" seed="1816234829" result="Passed" start-time="2026-08-09 10:35:05Z" end-time="2026-08-09 10:35:05Z" duration="0.004783" asserts="0">
            <properties>
              <property name="retryIteration" value="0" />
              <property name="repeatIteration" value="0" />
            </properties>
          </test-case>
          <test-case id="1099" name="EveryMstEdge_BecameACorridor(14)" fullname="PcgCorridorTests.EveryMstEdge_BecameACorridor(14)" methodname="EveryMstEdge_BecameACorridor" classname="PcgCorridorTests" runstate="Runnable" seed="58907953" result="Passed" start-time="2026-08-09 10:35:05Z" end-time="2026-08-09 10:35:05Z" duration="0.004900" asserts="0">
            <properties>
              <property name="retryIteration" value="0" />
              <property name="repeatIteration" value="0" />
            </properties>
[...]
              <property name="repeatIteration" value="0" />
            </properties>
          </test-case>
          <test-case id="2196" name="Leaves_TileTheWholeMap(5)" fullname="PcgSplitTests.Leaves_TileTheWholeMap(5)" methodname="Leaves_TileTheWholeMap" classname="PcgSplitTests" runstate="Runnable" seed="1423579197" result="Passed" start-time="2026-08-09 10:35:12Z" end-time="2026-08-09 10:35:12Z" duration="0.004814" asserts="0">
            <properties>
              <property name="retryIteration" value="0" />
              <property name="repeatIteration" value="0" />
            </properties>
          </test-case>
          <test-case id="2197" name="Leaves_TileTheWholeMap(6)" fullname="PcgSplitTests.Leaves_TileTheWholeMap(6)" methodname="Leaves_TileTheWholeMap" classname="PcgSplitTests" runstate="Runnable" seed="463989015" result="Passed" start-time="2026-08-09 10:35:12Z" end-time="2026-08-09 10:35:12Z" duration="0.004556" asserts="0">
            <properties>
              <property name="retryIteration" value="0" />
              <property name="repeatIteration" value="0" />
            </properties>
          </test-case>
          <test-case id="2198" name="Leaves_TileTheWholeMap(7)" fullname="PcgSplitTests.Leaves_TileTheWholeMap(7)" methodname="Leaves_TileTheWholeMap" classname="PcgSplitTests" runstate="Runnable" seed="1430557151" result="Passed" start-time="2026-08-09 10:35:12Z" end-time="2026-08-09 10:35:12Z" duration="0.004473" asserts="0">
            <properties>
              <property name="retryIteration" value="0" />
              <property name="repeatIteration" value="0" />
            </properties>
          </test-case>
          <test-case id="2199" name="Leaves_TileTheWholeMap(8)" fullname="PcgSplitTests.Leaves_TileTheWholeMap(8)" methodname="Leaves_TileTheWholeMap" classname="PcgSplitTests" runstate="Runnable" seed="2024586288" result="Passed" start-time="2026-08-09 10:35:12Z" end-time="2026-08-09 10:35:12Z" duration="0.004526" asserts="0">
            <properties>
              <property name="retryIteration" value="0" />
              <property name="repeatIteration" value="0" />
            </properties>
          </test-case>
          <test-case id="2200" name="Leaves_TileTheWholeMap(9)" fullname="PcgSplitTests.Leaves_TileTheWholeMap(9)" methodname="Leaves_TileTheWholeMap" classname="PcgSplitTests" runstate="Runnable" seed="270853011" result="Passed" start-time="2026-08-09 10:35:12Z" end-time="2026-08-09 10:35:12Z" duration="0.004860" asserts="0">
            <properties>
              <property name="retryIteration" value="0" />
              <property name="repeatIteration" value="0" />
            </properties>
          </test-case>
          <test-case id="2201" name="Leaves_TileTheWholeMap(10)" fullname="PcgSplitTests.Leaves_TileTheWholeMap(10)" methodname="Leaves_TileTheWholeMap" classname="PcgSplitTests" runstate="Runnable" seed="989557183" result="Passed" start-time="2026-08-09 10:35:12Z" end-time="2026-08-09 10:35:12Z" duration="0.004605" asserts="0">
            <properties>
              <property name="retryIteration" value="0" />
              <property name="repeatIteration" value="0" />
            </properties>
          </test-case>
          <test-case id="2202" name="Leaves_TileTheWholeMap(11)" fullname="PcgSplitTests.Leaves_TileTheWholeMap(11)" methodname="Leaves_TileTheWholeMap" classname="PcgSplitTests" runstate="Runnable" seed="1393687444" result="Passed" start-time="2026-08-09 10:35:12Z" end-time="2026-08-09 10:35:12Z" duration="0.004856" asserts="0">
            <properties>
              <property name="retryIteration" value="0" />
              <property name="repeatIteration" value="0" />
            </properties>
          </test-case>
          <test-case id="2203" name="Leaves_TileTheWholeMap(12)" fullname="PcgSplitTests.Leaves_TileTheWholeMap(12)" methodname="Leaves_TileTheWholeMap" classname="PcgSplitTests" runstate="Runnable" seed="736244642" result="Passed" start-time="2026-08-09 10:35:12Z" end-time="2026-08-09 10:35:12Z" duration="0.004624" asserts="0">
            <properties>
              <property name="retryIteration" value="0" />
              <property name="repeatIteration" value="0" />
            </properties>
          </test-case>
          <test-case id="2204" name="Leaves_TileTheWholeMap(13)" fullname="PcgSplitTests.Leaves_TileTheWholeMap(13)" methodname="Leaves_TileTheWholeMap" classname="PcgSplitTests" runstate="Runnable" seed="1297241201" result="Passed" start-time="2026-08-09 10:35:12Z" end-time="2026-08-09 10:35:12Z" duration="0.011686" asserts="0">
            <properties>
              <property name="retryIteration" value="0" />
              <property name="repeatIteration" value="0" />
            </properties>
          </test-case>
          <test-case id="2205" name="Leaves_TileTheWholeMap(14)" fullname="PcgSplitTests.Leaves_TileTheWholeMap(14)" methodname="Leaves_TileTheWholeMap" classname="PcgSplitTests" runstate="Runnable" seed="1246466792" result="Passed" start-time="2026-08-09 10:35:12Z" end-time="2026-08-09 10:35:12Z" duration="0.013091" asserts="0">
            <properties>
              <property name="retryIteration" value="0" />
              <property name="repeatIteration" value="0" />
            </properties>
          </test-case>
          <test-case id="2206" name="Leaves_TileTheWholeMap(15)" fullname="PcgSplitTests.Leaves_TileTheWholeMap(15)" methodname="Leaves_TileTheWholeMap" classname="PcgSplitTests" runstate="Runnable" seed="123281027" result="Passed" start-time="2026-08-09 10:35:12Z" end-time="2026-08-09 10:35:12Z" duration="0.005339" asserts="0">
            <properties>
              <property name="retryIteration" value="0" />
              <property name="repeatIteration" value="0" />
            </properties>
          </test-case>
          <test-case id="2207" name="Leaves_TileTheWholeMap(16)" fullname="PcgSplitTests.Leaves_TileTheWholeMap(16)" methodname="Leaves_TileTheWholeMap" classname="PcgSplitTests" runstate="Runnable" seed="657696839" result="Passed" start-time="2026-08-09 10:35:12Z" end-time="2026-08-09 10:35:12Z" duration="0.005012" asserts="0">
            <properties>
              <property name="retryIteration" value="0" />
              <property name="repeatIteration" value="0" />
            </properties>
          </test-case>
          <test-case id="2208" name="Leaves_TileTheWholeMap(17)" fullname="PcgSplitTests.Leaves_TileTheWholeMap(17)" methodname="Leaves_TileTheWholeMap" classname="PcgSplitTests" runstate="Runnable" seed="1916760014" result="Passed" start-time="2026-08-09 10:35:12Z" end-time="2026-08-09 10:35:12Z" duration="0.004718" asserts="0">
            <properties>
              <property name="retryIteration" value="0" />
              <property name="repeatIteration" value="0" />
            </properties>
          </test-case>
          <test-case id="2209" name="Leaves_TileTheWholeMap(18)" fullname="PcgSplitTests.Leaves_TileTheWholeMap(18)" methodname="Leaves_TileTheWholeMap" classname="PcgSplitTests" runstate="Runnable" seed="1866440556" result="Passed" start-time="2026-08-09 10:35:12Z" end-time="2026-08-09 10:35:12Z" duration="0.004740" asserts="0">
            <properties>
              <property name="retryIteration" value="0" />
              <property name="repeatIteration" value="0" />
            </properties>
          </test-case>
          <test-case id="2210" name="Leaves_TileTheWholeMap(19)" fullname="PcgSplitTests.Leaves_TileTheWholeMap(19)" methodname="Leaves_TileTheWholeMap" classname="PcgSplitTests" runstate="Runnable" seed="408236812" result="Passed" start-time="2026-08-09 10:35:12Z" end-time="2026-08-09 10:35:12Z" duration="0.005155" asserts="0">
            <properties>
              <property name="retryIteration" value="0" />
              <property name="repeatIteration" value="0" />
            </properties>
          </test-case>
          <test-case id="2211" name="Leaves_TileTheWholeMap(20)" fullname="PcgSplitTests.Leaves_TileTheWholeMap(20)" methodname="Leaves_TileTheWholeMap" classname="PcgSplitTests" runstate="Runnable" seed="822387867" result="Passed" start-time="2026-08-09 10:35:12Z" end-time="2026-08-09 10:35:12Z" duration="0.004818" asserts="0">
            <properties>
              <property name="retryIteration" value="0" />
              <property name="repeatIteration" value="0" />
            </properties>
          </test-case>
        </test-suite>
        <test-suite type="ParameterizedMethod" id="2149" name="Split_ProducesAtLeastOneLeaf" fullname="PcgSplitTests.Split_ProducesAtLeastOneLeaf" classname="PcgSplitTests" runstate="Runnable" testcasecount="20" result="Passed" start-time="2026-08-09 10:35:12Z" end-time="2026-08-09 10:35:12Z" duration="0.100005" total="20" passed="20" failed="0" inconclusive="0" skipped="0" asserts="0">
          <properties />
          <test-case id="2129" name="Split_ProducesAtLeastOneLeaf(1)" fullname="PcgSplitTests.Split_ProducesAtLeastOneLeaf(1)" methodname="Split_ProducesAtLeastOneLeaf" classname="PcgSplitTests" runstate="Runnable" seed="813181812" result="Passed" start-time="2026-08-09 10:35:12Z" end-time="2026-08-09 10:35:12Z" duration="0.005245" asserts="0">
            <properties>
              <property name="retryIteration" value="0" />
              <property name="repeatIteration" value="0" />
            </properties>
          </test-case>
          <test-case id="2130" name="Split_ProducesAtLeastOneLeaf(2)" fullname="PcgSplitTests.Split_ProducesAtLeastOneLeaf(2)" methodname="Split_ProducesAtLeastOneLeaf" classname="PcgSplitTests" runstate="Runnable" seed="1783263310" result="Passed" start-time="2026-08-09 10:35:12Z" end-time="2026-08-09 10:35:12Z" duration="0.004841" asserts="0">
            <properties>
              <property name="retryIteration" value="0" />
              <property name="repeatIteration" value="0" />
            </properties>
          </test-case>
          <test-case id="2131" name="Split_ProducesAtLeastOneLeaf(3)" fullname="PcgSplitTests.Split_ProducesAtLeastOneLeaf(3)" methodname="Split_ProducesAtLeastOneLeaf" classname="PcgSplitTests" runstate="Runnable" seed="1172023952" result="Passed" start-time="2026-08-09 10:35:12Z" end-time="2026-08-09 10:35:12Z" duration="0.004996" asserts="0">
            <properties>
              <property name="retryIteration" value="0" />
              <property name="repeatIteration" value="0" />
            </properties>
          </test-case>
          <test-case id="2132" name="Split_ProducesAtLeastOneLeaf(4)" fullname="PcgSplitTests.Split_ProducesAtLeastOneLeaf(4)" methodname="Split_ProducesAtLeastOneLeaf" classname="PcgSplitTests" runstate="Runnable" seed="1411045351" result="Passed" start-time="2026-08-09 10:35:12Z" end-time="2026-08-09 10:35:12Z" duration="0.004947" asserts="0">
            <properties>
              <property name="retryIteration" value="0" />
              <property name="repeatIteration" value="0" />
            </properties>
          </test-case>
          <test-case id="2133" name="Split_ProducesAtLeastOneLeaf(5)" fullname="PcgSplitTests.Split_ProducesAtLeastOneLeaf(5)" methodname="Split_ProducesAtLeastOneLeaf" classname="PcgSplitTests" runstate="Runnable" seed="552734233" result="Passed" start-time="2026-08-09 10:35:12Z" end-time="2026-08-09 10:35:12Z" duration="0.004697" asserts="0">
            <properties>
              <property name="retryIteration" value="0" />
              <property name="repeatIteration" value="0" />
            </properties>
          </test-case>
          <test-case id="2134" name="Split_ProducesAtLeastOneLeaf(6)" fullname="PcgSplitTests.Split_ProducesAtLeastOneLeaf(6)" methodname="Split_ProducesAtLeastOneLeaf" classname="PcgSplitTests" runstate="Runnable" seed="636879521" result="Passed" start-time="2026-08-09 10:35:12Z" end-time="2026-08-09 10:35:12Z" duration="0.004757" asserts="0">
            <properties>
              <property name="retryIteration" value="0" />
              <property name="repeatIteration" value="0" />
            </properties>
          </test-case>
          <test-case id="2135" name="Split_ProducesAtLeastOneLeaf(7)" fullname="PcgSplitTests.Split_ProducesAtLeastOneLeaf(7)" methodname="Split_ProducesAtLeastOneLeaf" classname="PcgSplitTests" runstate="Runnable" seed="1022477388" result="Passed" start-time="2026-08-09 10:35:12Z" end-time="2026-08-09 10:35:12Z" duration="0.004589" asserts="0">
            <properties>
              <property name="retryIteration" value="0" />
              <property name="repeatIteration" value="0" />
            </properties>
          </test-case>
          <test-case id="2136" name="Split_ProducesAtLeastOneLeaf(8)" fullname="PcgSplitTests.Split_ProducesAtLeastOneLeaf(8)" methodname="Split_ProducesAtLeastOneLeaf" classname="PcgSplitTests" runstate="Runnable" seed="1797087626" result="Passed" start-time="2026-08-09 10:35:12Z" end-time="2026-08-09 10:35:12Z" duration="0.004520" asserts="0">
            <properties>
              <property name="retryIteration" value="0" />
              <property name="repeatIteration" value="0" />
            </properties>
          </test-case>
          <test-case id="2137" name="Split_ProducesAtLeastOneLeaf(9)" fullname="PcgSplitTests.Split_ProducesAtLeastOneLeaf(9)" methodname="Split_ProducesAtLeastOneLeaf" classname="PcgSplitTests" runstate="Runnable" seed="1785230787" result="Passed" start-time="2026-08-09 10:35:12Z" end-time="2026-08-09 10:35:12Z" duration="0.004918" asserts="0">
            <properties>
              <property name="retryIteration" value="0" />
              <property name="repeatIteration" value="0" />
            </properties>
          </test-case>
          <test-case id="2138" name="Split_ProducesAtLeastOneLeaf(10)" fullname="PcgSplitTests.Split_ProducesAtLeastOneLeaf(10)" methodname="Split_ProducesAtLeastOneLeaf" classname="PcgSplitTests" runstate="Runnable" seed="818678031" result="Passed" start-time="2026-08-09 10:35:12Z" end-time="2026-08-09 10:35:12Z" duration="0.004803" asserts="0">
            <properties>
              <property name="retryIteration" value="0" />
              <property name="repeatIteration" value="0" />
            </properties>
          </test-case>
          <test-case id="2139" name="Split_ProducesAtLeastOneLeaf(11)" fullname="PcgSplitTests.Split_ProducesAtLeastOneLeaf(11)" methodname="Split_ProducesAtLeastOneLeaf" classname="PcgSplitTests" runstate="Runnable" seed="1057012715" result="Passed" start-time="2026-08-09 10:35:12Z" end-time="2026-08-09 10:35:12Z" duration="0.004946" asserts="0">
            <properties>
              <property name="retryIteration" value="0" />
              <property name="repeatIteration" value="0" />
            </properties>
          </test-case>
          <test-case id="2140" name="Split_ProducesAtLeastOneLeaf(12)" fullname="PcgSplitTests.Split_ProducesAtLeastOneLeaf(12)" methodname="Split_ProducesAtLeastOneLeaf" classname="PcgSplitTests" runstate="Runnable" seed="1012658522" result="Passed" start-time="2026-08-09 10:35:12Z" end-time="2026-08-09 10:35:12Z" duration="0.004649" asserts="0">
            <properties>
              <property name="retryIteration" value="0" />
              <property name="repeatIteration" value="0" />
            </properties>
          </test-case>
          <test-case id="2141" name="Split_ProducesAtLeastOneLeaf(13)" fullname="PcgSplitTests.Split_ProducesAtLeastOneLeaf(13)" methodname="Split_ProducesAtLeastOneLeaf" classname="PcgSplitTests" runstate="Runnable" seed="537980074" result="Passed" start-time="2026-08-09 10:35:12Z" end-time="2026-08-09 10:35:12Z" duration="0.004696" asserts="0">
            <properties>
              <property name="retryIteration" value="0" />
              <property name="repeatIteration" value="0" />
            </properties>
          </test-case>
          <test-case id="2142" name="Split_ProducesAtLeastOneLeaf(14)" fullname="PcgSplitTests.Split_ProducesAtLeastOneLeaf(14)" methodname="Split_ProducesAtLeastOneLeaf" classname="PcgSplitTests" runstate="Runnable" seed="156548075" result="Passed" start-time="2026-08-09 10:35:12Z" end-time="2026-08-09 10:35:12Z" duration="0.004751" asserts="0">
            <properties>
              <property name="retryIteration" value="0" />
              <property name="repeatIteration" value="0" />
            </properties>
          </test-case>
          <test-case id="2143" name="Split_ProducesAtLeastOneLeaf(15)" fullname="PcgSplitTests.Split_ProducesAtLeastOneLeaf(15)" methodname="Split_ProducesAtLeastOneLeaf" classname="PcgSplitTests" runstate="Runnable" seed="312611992" result="Passed" start-time="2026-08-09 10:35:12Z" end-time="2026-08-09 10:35:12Z" duration="0.004828" asserts="0">
            <properties>
              <property name="retryIteration" value="0" />
              <property name="repeatIteration" value="0" />
            </properties>
          </test-case>
          <test-case id="2144" name="Split_ProducesAtLeastOneLeaf(16)" fullname="PcgSplitTests.Split_ProducesAtLeastOneLeaf(16)" methodname="Split_ProducesAtLeastOneLeaf" classname="PcgSplitTests" runstate="Runnable" seed="1346107706" result="Passed" start-time="2026-08-09 10:35:12Z" end-time="2026-08-09 10:35:12Z" duration="0.004837" asserts="0">
            <properties>
              <property name="retryIteration" value="0" />
              <property name="repeatIteration" value="0" />
            </properties>
          </test-case>
          <test-case id="2145" name="Split_ProducesAtLeastOneLeaf(17)" fullname="PcgSplitTests.Split_ProducesAtLeastOneLeaf(17)" methodname="Split_ProducesAtLeastOneLeaf" classname="PcgSplitTests" runstate="Runnable" seed="1520247368" result="Passed" start-time="2026-08-09 10:35:12Z" end-time="2026-08-09 10:35:12Z" duration="0.004745" asserts="0">
            <properties>
              <property name="retryIteration" value="0" />
              <property name="repeatIteration" value="0" />
            </properties>
          </test-case>
          <test-case id="2146" name="Split_ProducesAtLeastOneLeaf(18)" fullname="PcgSplitTests.Split_ProducesAtLeastOneLeaf(18)" methodname="Split_ProducesAtLeastOneLeaf" classname="PcgSplitTests" runstate="Runnable" seed="826133374" result="Passed" start-time="2026-08-09 10:35:12Z" end-time="2026-08-09 10:35:12Z" duration="0.004564" asserts="0">
            <properties>
              <property name="retryIteration" value="0" />
              <property name="repeatIteration" value="0" />
            </properties>
          </test-case>
          <test-case id="2147" name="Split_ProducesAtLeastOneLeaf(19)" fullname="PcgSplitTests.Split_ProducesAtLeastOneLeaf(19)" methodname="Split_ProducesAtLeastOneLeaf" classname="PcgSplitTests" runstate="Runnable" seed="327215709" result="Passed" start-time="2026-08-09 10:35:12Z" end-time="2026-08-09 10:35:12Z" duration="0.004964" asserts="0">
            <properties>
              <property name="retryIteration" value="0" />
              <property name="repeatIteration" value="0" />
            </properties>
          </test-case>
          <test-case id="2148" name="Split_ProducesAtLeastOneLeaf(20)" fullname="PcgSplitTests.Split_ProducesAtLeastOneLeaf(20)" methodname="Split_ProducesAtLeastOneLeaf" classname="PcgSplitTests" runstate="Runnable" seed="1418854653" result="Passed" start-time="2026-08-09 10:35:12Z" end-time="2026-08-09 10:35:12Z" duration="0.004736" asserts="0">
            <properties>
              <property name="retryIteration" value="0" />
              <property name="repeatIteration" value="0" />
            </properties>
            <output><![CDATA[Saving results to: C:/Users/smehu/AppData/LocalLow/DefaultCompany/Final Dungeon\TestResults.xml
]]></output>
          </test-case>
        </test-suite>
      </test-suite>
    </test-suite>
  </test-suite>
</test-run>